EVENT-AJnEU134 {"go-publisher":"Golang-Publisher-A","random-number":137,"number":54,"strltr":"test-MJOftvtPJv"} {"event_id":"EVENT-AJnEU134"}
EVENT-AJnEU134 {"go-publisher":"Golang-Publisher-B","random-number":137,"number":54,"strltr":"test-MJOftvtPJv"} {"event_id":"EVENT-AJnEU134"}
EVENT-AJnEU134 {"go-publisher":"Golang-Publisher-C","random-number":137,"number":54,"strltr":"test-MJOftvtPJv"} {"event_id":"EVENT-AJnEU134"}
EVENT-AJnEU134 {"go-publisher":"Golang-Publisher-D","random-number":137,"number":54,"strltr":"test-MJOftvtPJv"} {"event_id":"EVENT-AJnEU134"}
EVENT-AZUCO121 {"go-publisher":"Golang-Publisher-A","random-number":97,"number":101,"strltr":"test-XUuNpGFuMx"} {"event_id":"EVENT-AZUCO121"}
EVENT-AZUCO121 {"go-publisher":"Golang-Publisher-B","random-number":97,"number":101,"strltr":"test-XUuNpGFuMx"} {"event_id":"EVENT-AZUCO121"}
EVENT-AZUCO121 {"go-publisher":"Golang-Publisher-C","random-number":97,"number":101,"strltr":"test-XUuNpGFuMx"} {"event_id":"EVENT-AZUCO121"}
EVENT-AZUCO121 {"go-publisher":"Golang-Publisher-D","random-number":97,"number":101,"strltr":"test-XUuNpGFuMx"} {"event_id":"EVENT-AZUCO121"}
EVENT-ArgyS116 {"go-publisher":"Golang-Publisher-A","random-number":188,"number":7,"strltr":"test-MNrdnhzSLE"} {"event_id":"EVENT-ArgyS116"}
EVENT-ArgyS116 {"go-publisher":"Golang-Publisher-B","random-number":188,"number":7,"strltr":"test-MNrdnhzSLE"} {"event_id":"EVENT-ArgyS116"}
EVENT-ArgyS116 {"go-publisher":"Golang-Publisher-C","random-number":188,"number":7,"strltr":"test-MNrdnhzSLE"} {"event_id":"EVENT-ArgyS116"}
EVENT-ArgyS116 {"go-publisher":"Golang-Publisher-D","random-number":188,"number":7,"strltr":"test-MNrdnhzSLE"} {"event_id":"EVENT-ArgyS116"}
EVENT-AtFYJ129 {"go-publisher":"Golang-Publisher-A","random-number":20,"number":57,"strltr":"test-YAiODizGdt"} {"event_id":"EVENT-AtFYJ129"}
EVENT-AtFYJ129 {"go-publisher":"Golang-Publisher-B","random-number":20,"number":57,"strltr":"test-YAiODizGdt"} {"event_id":"EVENT-AtFYJ129"}
EVENT-AtFYJ129 {"go-publisher":"Golang-Publisher-C","random-number":20,"number":57,"strltr":"test-YAiODizGdt"} {"event_id":"EVENT-AtFYJ129"}
EVENT-AtFYJ129 {"go-publisher":"Golang-Publisher-D","random-number":20,"number":57,"strltr":"test-YAiODizGdt"} {"event_id":"EVENT-AtFYJ129"}
EVENT-AtiuT116 {"go-publisher":"Golang-Publisher-A","random-number":70,"number":145,"strltr":"test-RNsAjdhAzN"} {"event_id":"EVENT-AtiuT116"}
EVENT-AtiuT116 {"go-publisher":"Golang-Publisher-B","random-number":70,"number":145,"strltr":"test-RNsAjdhAzN"} {"event_id":"EVENT-AtiuT116"}
EVENT-AtiuT116 {"go-publisher":"Golang-Publisher-C","random-number":70,"number":145,"strltr":"test-RNsAjdhAzN"} {"event_id":"EVENT-AtiuT116"}
EVENT-AtiuT116 {"go-publisher":"Golang-Publisher-D","random-number":70,"number":145,"strltr":"test-RNsAjdhAzN"} {"event_id":"EVENT-AtiuT116"}
EVENT-BLheP153 {"go-publisher":"Golang-Publisher-A","random-number":146,"number":98,"strltr":"test-lcxkVevCsB"} {"event_id":"EVENT-BLheP153"}
EVENT-BLheP153 {"go-publisher":"Golang-Publisher-B","random-number":146,"number":98,"strltr":"test-lcxkVevCsB"} {"event_id":"EVENT-BLheP153"}
EVENT-BLheP153 {"go-publisher":"Golang-Publisher-C","random-number":146,"number":98,"strltr":"test-lcxkVevCsB"} {"event_id":"EVENT-BLheP153"}
EVENT-BLheP153 {"go-publisher":"Golang-Publisher-D","random-number":146,"number":98,"strltr":"test-lcxkVevCsB"} {"event_id":"EVENT-BLheP153"}
EVENT-BUJZB133 {"go-publisher":"Golang-Publisher-A","random-number":105,"number":124,"strltr":"test-YnINziZRGb"} {"event_id":"EVENT-BUJZB133"}
EVENT-BUJZB133 {"go-publisher":"Golang-Publisher-B","random-number":105,"number":124,"strltr":"test-YnINziZRGb"} {"event_id":"EVENT-BUJZB133"}
EVENT-BUJZB133 {"go-publisher":"Golang-Publisher-C","random-number":105,"number":124,"strltr":"test-YnINziZRGb"} {"event_id":"EVENT-BUJZB133"}
EVENT-BUJZB133 {"go-publisher":"Golang-Publisher-D","random-number":105,"number":124,"strltr":"test-YnINziZRGb"} {"event_id":"EVENT-BUJZB133"}
EVENT-CECfd54 {"go-publisher":"Golang-Publisher-A","random-number":44,"number":89,"strltr":"test-FZReORMgxk"} {"event_id":"EVENT-CECfd54"}
EVENT-CECfd54 {"go-publisher":"Golang-Publisher-B","random-number":44,"number":89,"strltr":"test-FZReORMgxk"} {"event_id":"EVENT-CECfd54"}
EVENT-CECfd54 {"go-publisher":"Golang-Publisher-C","random-number":44,"number":89,"strltr":"test-FZReORMgxk"} {"event_id":"EVENT-CECfd54"}
EVENT-CECfd54 {"go-publisher":"Golang-Publisher-D","random-number":44,"number":89,"strltr":"test-FZReORMgxk"} {"event_id":"EVENT-CECfd54"}
EVENT-CMqkn150 {"go-publisher":"Golang-Publisher-A","random-number":134,"number":115,"strltr":"test-nzaNxNFfkZ"} {"event_id":"EVENT-CMqkn150"}
EVENT-CMqkn150 {"go-publisher":"Golang-Publisher-B","random-number":134,"number":115,"strltr":"test-nzaNxNFfkZ"} {"event_id":"EVENT-CMqkn150"}
EVENT-CMqkn150 {"go-publisher":"Golang-Publisher-C","random-number":134,"number":115,"strltr":"test-nzaNxNFfkZ"} {"event_id":"EVENT-CMqkn150"}
EVENT-CMqkn150 {"go-publisher":"Golang-Publisher-D","random-number":134,"number":115,"strltr":"test-nzaNxNFfkZ"} {"event_id":"EVENT-CMqkn150"}
EVENT-CTyHn164 {"go-publisher":"Golang-Publisher-A","random-number":47,"number":64,"strltr":"test-pnhwQAueVh"} {"event_id":"EVENT-CTyHn164"}
EVENT-CTyHn164 {"go-publisher":"Golang-Publisher-B","random-number":47,"number":64,"strltr":"test-pnhwQAueVh"} {"event_id":"EVENT-CTyHn164"}
EVENT-CTyHn164 {"go-publisher":"Golang-Publisher-C","random-number":47,"number":64,"strltr":"test-pnhwQAueVh"} {"event_id":"EVENT-CTyHn164"}
EVENT-CTyHn164 {"go-publisher":"Golang-Publisher-D","random-number":47,"number":64,"strltr":"test-pnhwQAueVh"} {"event_id":"EVENT-CTyHn164"}
EVENT-Coqrh244 {"go-publisher":"Golang-Publisher-A","random-number":176,"number":116,"strltr":"test-JwsKprmLsf"} {"event_id":"EVENT-Coqrh244"}
EVENT-Coqrh244 {"go-publisher":"Golang-Publisher-B","random-number":176,"number":116,"strltr":"test-JwsKprmLsf"} {"event_id":"EVENT-Coqrh244"}
EVENT-Coqrh244 {"go-publisher":"Golang-Publisher-C","random-number":176,"number":116,"strltr":"test-JwsKprmLsf"} {"event_id":"EVENT-Coqrh244"}
EVENT-Coqrh244 {"go-publisher":"Golang-Publisher-D","random-number":176,"number":116,"strltr":"test-JwsKprmLsf"} {"event_id":"EVENT-Coqrh244"}
EVENT-DXKKq158 {"go-publisher":"Golang-Publisher-A","random-number":133,"number":95,"strltr":"test-HnBAzaFICn"} {"event_id":"EVENT-DXKKq158"}
EVENT-DXKKq158 {"go-publisher":"Golang-Publisher-B","random-number":133,"number":95,"strltr":"test-HnBAzaFICn"} {"event_id":"EVENT-DXKKq158"}
EVENT-DXKKq158 {"go-publisher":"Golang-Publisher-C","random-number":133,"number":95,"strltr":"test-HnBAzaFICn"} {"event_id":"EVENT-DXKKq158"}
EVENT-DXKKq158 {"go-publisher":"Golang-Publisher-D","random-number":133,"number":95,"strltr":"test-HnBAzaFICn"} {"event_id":"EVENT-DXKKq158"}
EVENT-DgJNw143 {"go-publisher":"Golang-Publisher-A","random-number":104,"number":117,"strltr":"test-xkJoPYDqOr"} {"event_id":"EVENT-DgJNw143"}
EVENT-DgJNw143 {"go-publisher":"Golang-Publisher-B","random-number":104,"number":117,"strltr":"test-xkJoPYDqOr"} {"event_id":"EVENT-DgJNw143"}
EVENT-DgJNw143 {"go-publisher":"Golang-Publisher-C","random-number":104,"number":117,"strltr":"test-xkJoPYDqOr"} {"event_id":"EVENT-DgJNw143"}
EVENT-DgJNw143 {"go-publisher":"Golang-Publisher-D","random-number":104,"number":117,"strltr":"test-xkJoPYDqOr"} {"event_id":"EVENT-DgJNw143"}
EVENT-Dpuet194 {"go-publisher":"Golang-Publisher-A","random-number":105,"number":10,"strltr":"test-ZScttERYBP"} {"event_id":"EVENT-Dpuet194"}
EVENT-Dpuet194 {"go-publisher":"Golang-Publisher-B","random-number":105,"number":10,"strltr":"test-ZScttERYBP"} {"event_id":"EVENT-Dpuet194"}
EVENT-Dpuet194 {"go-publisher":"Golang-Publisher-C","random-number":105,"number":10,"strltr":"test-ZScttERYBP"} {"event_id":"EVENT-Dpuet194"}
EVENT-Dpuet194 {"go-publisher":"Golang-Publisher-D","random-number":105,"number":10,"strltr":"test-ZScttERYBP"} {"event_id":"EVENT-Dpuet194"}
EVENT-Ekqjh203 {"go-publisher":"Golang-Publisher-A","random-number":51,"number":133,"strltr":"test-hzZEUFsPvm"} {"event_id":"EVENT-Ekqjh203"}
EVENT-Ekqjh203 {"go-publisher":"Golang-Publisher-B","random-number":51,"number":133,"strltr":"test-hzZEUFsPvm"} {"event_id":"EVENT-Ekqjh203"}
EVENT-Ekqjh203 {"go-publisher":"Golang-Publisher-C","random-number":51,"number":133,"strltr":"test-hzZEUFsPvm"} {"event_id":"EVENT-Ekqjh203"}
EVENT-Ekqjh203 {"go-publisher":"Golang-Publisher-D","random-number":51,"number":133,"strltr":"test-hzZEUFsPvm"} {"event_id":"EVENT-Ekqjh203"}
EVENT-FPSvR202 {"go-publisher":"Golang-Publisher-A","random-number":108,"number":160,"strltr":"test-LrDHIQmrFf"} {"event_id":"EVENT-FPSvR202"}
EVENT-FPSvR202 {"go-publisher":"Golang-Publisher-B","random-number":108,"number":160,"strltr":"test-LrDHIQmrFf"} {"event_id":"EVENT-FPSvR202"}
EVENT-FPSvR202 {"go-publisher":"Golang-Publisher-C","random-number":108,"number":160,"strltr":"test-LrDHIQmrFf"} {"event_id":"EVENT-FPSvR202"}
EVENT-FPSvR202 {"go-publisher":"Golang-Publisher-D","random-number":108,"number":160,"strltr":"test-LrDHIQmrFf"} {"event_id":"EVENT-FPSvR202"}
EVENT-GIDva157 {"go-publisher":"Golang-Publisher-A","random-number":100,"number":125,"strltr":"test-ACGdzXDwAP"} {"event_id":"EVENT-GIDva157"}
EVENT-GIDva157 {"go-publisher":"Golang-Publisher-B","random-number":100,"number":125,"strltr":"test-ACGdzXDwAP"} {"event_id":"EVENT-GIDva157"}
EVENT-GIDva157 {"go-publisher":"Golang-Publisher-C","random-number":100,"number":125,"strltr":"test-ACGdzXDwAP"} {"event_id":"EVENT-GIDva157"}
EVENT-GIDva157 {"go-publisher":"Golang-Publisher-D","random-number":100,"number":125,"strltr":"test-ACGdzXDwAP"} {"event_id":"EVENT-GIDva157"}
EVENT-GsRwD216 {"go-publisher":"Golang-Publisher-A","random-number":58,"number":153,"strltr":"test-SmTPIweGHk"} {"event_id":"EVENT-GsRwD216"}
EVENT-GsRwD216 {"go-publisher":"Golang-Publisher-B","random-number":58,"number":153,"strltr":"test-SmTPIweGHk"} {"event_id":"EVENT-GsRwD216"}
EVENT-GsRwD216 {"go-publisher":"Golang-Publisher-C","random-number":58,"number":153,"strltr":"test-SmTPIweGHk"} {"event_id":"EVENT-GsRwD216"}
EVENT-GsRwD216 {"go-publisher":"Golang-Publisher-D","random-number":58,"number":153,"strltr":"test-SmTPIweGHk"} {"event_id":"EVENT-GsRwD216"}
EVENT-HGdEV160 {"go-publisher":"Golang-Publisher-A","random-number":56,"number":16,"strltr":"test-kNyQGfZwWe"} {"event_id":"EVENT-HGdEV160"}
EVENT-HGdEV160 {"go-publisher":"Golang-Publisher-B","random-number":56,"number":16,"strltr":"test-kNyQGfZwWe"} {"event_id":"EVENT-HGdEV160"}
EVENT-HGdEV160 {"go-publisher":"Golang-Publisher-C","random-number":56,"number":16,"strltr":"test-kNyQGfZwWe"} {"event_id":"EVENT-HGdEV160"}
EVENT-HGdEV160 {"go-publisher":"Golang-Publisher-D","random-number":56,"number":16,"strltr":"test-kNyQGfZwWe"} {"event_id":"EVENT-HGdEV160"}
EVENT-HOevQ82 {"go-publisher":"Golang-Publisher-A","random-number":171,"number":162,"strltr":"test-nFKMXQZRgd"} {"event_id":"EVENT-HOevQ82"}
EVENT-HOevQ82 {"go-publisher":"Golang-Publisher-B","random-number":171,"number":162,"strltr":"test-nFKMXQZRgd"} {"event_id":"EVENT-HOevQ82"}
EVENT-HOevQ82 {"go-publisher":"Golang-Publisher-C","random-number":171,"number":162,"strltr":"test-nFKMXQZRgd"} {"event_id":"EVENT-HOevQ82"}
EVENT-HOevQ82 {"go-publisher":"Golang-Publisher-D","random-number":171,"number":162,"strltr":"test-nFKMXQZRgd"} {"event_id":"EVENT-HOevQ82"}
EVENT-HUwGs139 {"go-publisher":"Golang-Publisher-A","random-number":34,"number":9,"strltr":"test-GALpaPLqVK"} {"event_id":"EVENT-HUwGs139"}
EVENT-HUwGs139 {"go-publisher":"Golang-Publisher-B","random-number":34,"number":9,"strltr":"test-GALpaPLqVK"} {"event_id":"EVENT-HUwGs139"}
EVENT-HUwGs139 {"go-publisher":"Golang-Publisher-C","random-number":34,"number":9,"strltr":"test-GALpaPLqVK"} {"event_id":"EVENT-HUwGs139"}
EVENT-HUwGs139 {"go-publisher":"Golang-Publisher-D","random-number":34,"number":9,"strltr":"test-GALpaPLqVK"} {"event_id":"EVENT-HUwGs139"}
EVENT-HgKRM56 {"go-publisher":"Golang-Publisher-A","random-number":88,"number":26,"strltr":"test-NGqLgSlwhY"} {"event_id":"EVENT-HgKRM56"}
EVENT-HgKRM56 {"go-publisher":"Golang-Publisher-B","random-number":88,"number":26,"strltr":"test-NGqLgSlwhY"} {"event_id":"EVENT-HgKRM56"}
EVENT-HgKRM56 {"go-publisher":"Golang-Publisher-C","random-number":88,"number":26,"strltr":"test-NGqLgSlwhY"} {"event_id":"EVENT-HgKRM56"}
EVENT-HgKRM56 {"go-publisher":"Golang-Publisher-D","random-number":88,"number":26,"strltr":"test-NGqLgSlwhY"} {"event_id":"EVENT-HgKRM56"}
EVENT-HojAO177 {"go-publisher":"Golang-Publisher-A","random-number":137,"number":161,"strltr":"test-DovmMswcHY"} {"event_id":"EVENT-HojAO177"}
EVENT-HojAO177 {"go-publisher":"Golang-Publisher-B","random-number":137,"number":161,"strltr":"test-DovmMswcHY"} {"event_id":"EVENT-HojAO177"}
EVENT-HojAO177 {"go-publisher":"Golang-Publisher-C","random-number":137,"number":161,"strltr":"test-DovmMswcHY"} {"event_id":"EVENT-HojAO177"}
EVENT-HojAO177 {"go-publisher":"Golang-Publisher-D","random-number":137,"number":161,"strltr":"test-DovmMswcHY"} {"event_id":"EVENT-HojAO177"}
EVENT-Hwjfm33 {"go-publisher":"Golang-Publisher-A","random-number":94,"number":19,"strltr":"test-KGbErdRLqb"} {"event_id":"EVENT-Hwjfm33"}
EVENT-Hwjfm33 {"go-publisher":"Golang-Publisher-B","random-number":94,"number":19,"strltr":"test-KGbErdRLqb"} {"event_id":"EVENT-Hwjfm33"}
EVENT-Hwjfm33 {"go-publisher":"Golang-Publisher-C","random-number":94,"number":19,"strltr":"test-KGbErdRLqb"} {"event_id":"EVENT-Hwjfm33"}
EVENT-Hwjfm33 {"go-publisher":"Golang-Publisher-D","random-number":94,"number":19,"strltr":"test-KGbErdRLqb"} {"event_id":"EVENT-Hwjfm33"}
EVENT-JUWma63 {"go-publisher":"Golang-Publisher-A","random-number":45,"number":126,"strltr":"test-UtvnXjUnJt"} {"event_id":"EVENT-JUWma63"}
EVENT-JUWma63 {"go-publisher":"Golang-Publisher-B","random-number":45,"number":126,"strltr":"test-UtvnXjUnJt"} {"event_id":"EVENT-JUWma63"}
EVENT-JUWma63 {"go-publisher":"Golang-Publisher-C","random-number":45,"number":126,"strltr":"test-UtvnXjUnJt"} {"event_id":"EVENT-JUWma63"}
EVENT-JUWma63 {"go-publisher":"Golang-Publisher-D","random-number":45,"number":126,"strltr":"test-UtvnXjUnJt"} {"event_id":"EVENT-JUWma63"}
EVENT-JVFOD155 {"go-publisher":"Golang-Publisher-A","random-number":128,"number":67,"strltr":"test-CHoesVnXvj"} {"event_id":"EVENT-JVFOD155"}
EVENT-JVFOD155 {"go-publisher":"Golang-Publisher-B","random-number":128,"number":67,"strltr":"test-CHoesVnXvj"} {"event_id":"EVENT-JVFOD155"}
EVENT-JVFOD155 {"go-publisher":"Golang-Publisher-C","random-number":128,"number":67,"strltr":"test-CHoesVnXvj"} {"event_id":"EVENT-JVFOD155"}
EVENT-JVFOD155 {"go-publisher":"Golang-Publisher-D","random-number":128,"number":67,"strltr":"test-CHoesVnXvj"} {"event_id":"EVENT-JVFOD155"}
EVENT-JYnMF227 {"go-publisher":"Golang-Publisher-A","random-number":134,"number":113,"strltr":"test-FFUvBUIcXK"} {"event_id":"EVENT-JYnMF227"}
EVENT-JYnMF227 {"go-publisher":"Golang-Publisher-B","random-number":134,"number":113,"strltr":"test-FFUvBUIcXK"} {"event_id":"EVENT-JYnMF227"}
EVENT-JYnMF227 {"go-publisher":"Golang-Publisher-C","random-number":134,"number":113,"strltr":"test-FFUvBUIcXK"} {"event_id":"EVENT-JYnMF227"}
EVENT-JYnMF227 {"go-publisher":"Golang-Publisher-D","random-number":134,"number":113,"strltr":"test-FFUvBUIcXK"} {"event_id":"EVENT-JYnMF227"}
EVENT-KLBfO50 {"go-publisher":"Golang-Publisher-A","random-number":95,"number":111,"strltr":"test-AMqzxBzaQB"} {"event_id":"EVENT-KLBfO50"}
EVENT-KLBfO50 {"go-publisher":"Golang-Publisher-B","random-number":95,"number":111,"strltr":"test-AMqzxBzaQB"} {"event_id":"EVENT-KLBfO50"}
EVENT-KLBfO50 {"go-publisher":"Golang-Publisher-C","random-number":95,"number":111,"strltr":"test-AMqzxBzaQB"} {"event_id":"EVENT-KLBfO50"}
EVENT-KLBfO50 {"go-publisher":"Golang-Publisher-D","random-number":95,"number":111,"strltr":"test-AMqzxBzaQB"} {"event_id":"EVENT-KLBfO50"}
EVENT-KLeTo195 {"go-publisher":"Golang-Publisher-A","random-number":52,"number":51,"strltr":"test-bDdbKnCXHR"} {"event_id":"EVENT-KLeTo195"}
EVENT-KLeTo195 {"go-publisher":"Golang-Publisher-B","random-number":52,"number":51,"strltr":"test-bDdbKnCXHR"} {"event_id":"EVENT-KLeTo195"}
EVENT-KLeTo195 {"go-publisher":"Golang-Publisher-C","random-number":52,"number":51,"strltr":"test-bDdbKnCXHR"} {"event_id":"EVENT-KLeTo195"}
EVENT-KLeTo195 {"go-publisher":"Golang-Publisher-D","random-number":52,"number":51,"strltr":"test-bDdbKnCXHR"} {"event_id":"EVENT-KLeTo195"}
EVENT-KVawk60 {"go-publisher":"Golang-Publisher-A","random-number":129,"number":105,"strltr":"test-TozMkoCeyo"} {"event_id":"EVENT-KVawk60"}
EVENT-KVawk60 {"go-publisher":"Golang-Publisher-B","random-number":129,"number":105,"strltr":"test-TozMkoCeyo"} {"event_id":"EVENT-KVawk60"}
EVENT-KVawk60 {"go-publisher":"Golang-Publisher-C","random-number":129,"number":105,"strltr":"test-TozMkoCeyo"} {"event_id":"EVENT-KVawk60"}
EVENT-KVawk60 {"go-publisher":"Golang-Publisher-D","random-number":129,"number":105,"strltr":"test-TozMkoCeyo"} {"event_id":"EVENT-KVawk60"}
EVENT-KoKLJ142 {"go-publisher":"Golang-Publisher-A","random-number":119,"number":122,"strltr":"test-ehNEaQRhhR"} {"event_id":"EVENT-KoKLJ142"}
EVENT-KoKLJ142 {"go-publisher":"Golang-Publisher-B","random-number":119,"number":122,"strltr":"test-ehNEaQRhhR"} {"event_id":"EVENT-KoKLJ142"}
EVENT-KoKLJ142 {"go-publisher":"Golang-Publisher-C","random-number":119,"number":122,"strltr":"test-ehNEaQRhhR"} {"event_id":"EVENT-KoKLJ142"}
EVENT-KoKLJ142 {"go-publisher":"Golang-Publisher-D","random-number":119,"number":122,"strltr":"test-ehNEaQRhhR"} {"event_id":"EVENT-KoKLJ142"}
EVENT-Kzkhi76 {"go-publisher":"Golang-Publisher-A","random-number":111,"number":60,"strltr":"test-jcOZqikZEY"} {"event_id":"EVENT-Kzkhi76"}
EVENT-Kzkhi76 {"go-publisher":"Golang-Publisher-B","random-number":111,"number":60,"strltr":"test-jcOZqikZEY"} {"event_id":"EVENT-Kzkhi76"}
EVENT-Kzkhi76 {"go-publisher":"Golang-Publisher-C","random-number":111,"number":60,"strltr":"test-jcOZqikZEY"} {"event_id":"EVENT-Kzkhi76"}
EVENT-Kzkhi76 {"go-publisher":"Golang-Publisher-D","random-number":111,"number":60,"strltr":"test-jcOZqikZEY"} {"event_id":"EVENT-Kzkhi76"}
EVENT-LPQBC148 {"go-publisher":"Golang-Publisher-A","random-number":111,"number":20,"strltr":"test-dmoQOuPiDb"} {"event_id":"EVENT-LPQBC148"}
EVENT-LPQBC148 {"go-publisher":"Golang-Publisher-B","random-number":111,"number":20,"strltr":"test-dmoQOuPiDb"} {"event_id":"EVENT-LPQBC148"}
EVENT-LPQBC148 {"go-publisher":"Golang-Publisher-C","random-number":111,"number":20,"strltr":"test-dmoQOuPiDb"} {"event_id":"EVENT-LPQBC148"}
EVENT-LPQBC148 {"go-publisher":"Golang-Publisher-D","random-number":111,"number":20,"strltr":"test-dmoQOuPiDb"} {"event_id":"EVENT-LPQBC148"}
EVENT-LUdRZ143 {"go-publisher":"Golang-Publisher-A","random-number":46,"number":48,"strltr":"test-IWVbFvzHGT"} {"event_id":"EVENT-LUdRZ143"}
EVENT-LUdRZ143 {"go-publisher":"Golang-Publisher-B","random-number":46,"number":48,"strltr":"test-IWVbFvzHGT"} {"event_id":"EVENT-LUdRZ143"}
EVENT-LUdRZ143 {"go-publisher":"Golang-Publisher-C","random-number":46,"number":48,"strltr":"test-IWVbFvzHGT"} {"event_id":"EVENT-LUdRZ143"}
EVENT-LUdRZ143 {"go-publisher":"Golang-Publisher-D","random-number":46,"number":48,"strltr":"test-IWVbFvzHGT"} {"event_id":"EVENT-LUdRZ143"}
EVENT-LXgAK217 {"go-publisher":"Golang-Publisher-A","random-number":61,"number":102,"strltr":"test-ONEQxftGGx"} {"event_id":"EVENT-LXgAK217"}
EVENT-LXgAK217 {"go-publisher":"Golang-Publisher-B","random-number":61,"number":102,"strltr":"test-ONEQxftGGx"} {"event_id":"EVENT-LXgAK217"}
EVENT-LXgAK217 {"go-publisher":"Golang-Publisher-C","random-number":61,"number":102,"strltr":"test-ONEQxftGGx"} {"event_id":"EVENT-LXgAK217"}
EVENT-LXgAK217 {"go-publisher":"Golang-Publisher-D","random-number":61,"number":102,"strltr":"test-ONEQxftGGx"} {"event_id":"EVENT-LXgAK217"}
EVENT-MXTSQ267 {"go-publisher":"Golang-Publisher-A","random-number":121,"number":82,"strltr":"test-PREiGhIULh"} {"event_id":"EVENT-MXTSQ267"}
EVENT-MXTSQ267 {"go-publisher":"Golang-Publisher-B","random-number":121,"number":82,"strltr":"test-PREiGhIULh"} {"event_id":"EVENT-MXTSQ267"}
EVENT-MXTSQ267 {"go-publisher":"Golang-Publisher-C","random-number":121,"number":82,"strltr":"test-PREiGhIULh"} {"event_id":"EVENT-MXTSQ267"}
EVENT-MXTSQ267 {"go-publisher":"Golang-Publisher-D","random-number":121,"number":82,"strltr":"test-PREiGhIULh"} {"event_id":"EVENT-MXTSQ267"}
EVENT-MYSwm157 {"go-publisher":"Golang-Publisher-A","random-number":36,"number":137,"strltr":"test-alOtGRtOLv"} {"event_id":"EVENT-MYSwm157"}
EVENT-MYSwm157 {"go-publisher":"Golang-Publisher-B","random-number":36,"number":137,"strltr":"test-alOtGRtOLv"} {"event_id":"EVENT-MYSwm157"}
EVENT-MYSwm157 {"go-publisher":"Golang-Publisher-C","random-number":36,"number":137,"strltr":"test-alOtGRtOLv"} {"event_id":"EVENT-MYSwm157"}
EVENT-MYSwm157 {"go-publisher":"Golang-Publisher-D","random-number":36,"number":137,"strltr":"test-alOtGRtOLv"} {"event_id":"EVENT-MYSwm157"}
EVENT-MkybD88 {"go-publisher":"Golang-Publisher-A","random-number":102,"number":31,"strltr":"test-CudBKbrDnY"} {"event_id":"EVENT-MkybD88"}
EVENT-MkybD88 {"go-publisher":"Golang-Publisher-B","random-number":102,"number":31,"strltr":"test-CudBKbrDnY"} {"event_id":"EVENT-MkybD88"}
EVENT-MkybD88 {"go-publisher":"Golang-Publisher-C","random-number":102,"number":31,"strltr":"test-CudBKbrDnY"} {"event_id":"EVENT-MkybD88"}
EVENT-MkybD88 {"go-publisher":"Golang-Publisher-D","random-number":102,"number":31,"strltr":"test-CudBKbrDnY"} {"event_id":"EVENT-MkybD88"}
EVENT-MsMTE96 {"go-publisher":"Golang-Publisher-A","random-number":103,"number":65,"strltr":"test-RZDqcLNGwP"} {"event_id":"EVENT-MsMTE96"}
EVENT-MsMTE96 {"go-publisher":"Golang-Publisher-B","random-number":103,"number":65,"strltr":"test-RZDqcLNGwP"} {"event_id":"EVENT-MsMTE96"}
EVENT-MsMTE96 {"go-publisher":"Golang-Publisher-C","random-number":103,"number":65,"strltr":"test-RZDqcLNGwP"} {"event_id":"EVENT-MsMTE96"}
EVENT-MsMTE96 {"go-publisher":"Golang-Publisher-D","random-number":103,"number":65,"strltr":"test-RZDqcLNGwP"} {"event_id":"EVENT-MsMTE96"}
EVENT-MsmSv131 {"go-publisher":"Golang-Publisher-A","random-number":81,"number":97,"strltr":"test-IrATktwONs"} {"event_id":"EVENT-MsmSv131"}
EVENT-MsmSv131 {"go-publisher":"Golang-Publisher-B","random-number":81,"number":97,"strltr":"test-IrATktwONs"} {"event_id":"EVENT-MsmSv131"}
EVENT-MsmSv131 {"go-publisher":"Golang-Publisher-C","random-number":81,"number":97,"strltr":"test-IrATktwONs"} {"event_id":"EVENT-MsmSv131"}
EVENT-MsmSv131 {"go-publisher":"Golang-Publisher-D","random-number":81,"number":97,"strltr":"test-IrATktwONs"} {"event_id":"EVENT-MsmSv131"}
EVENT-MtYOq218 {"go-publisher":"Golang-Publisher-A","random-number":132,"number":155,"strltr":"test-WbKzUnlNRf"} {"event_id":"EVENT-MtYOq218"}
EVENT-MtYOq218 {"go-publisher":"Golang-Publisher-B","random-number":132,"number":155,"strltr":"test-WbKzUnlNRf"} {"event_id":"EVENT-MtYOq218"}
EVENT-MtYOq218 {"go-publisher":"Golang-Publisher-C","random-number":132,"number":155,"strltr":"test-WbKzUnlNRf"} {"event_id":"EVENT-MtYOq218"}
EVENT-MtYOq218 {"go-publisher":"Golang-Publisher-D","random-number":132,"number":155,"strltr":"test-WbKzUnlNRf"} {"event_id":"EVENT-MtYOq218"}
EVENT-NJoAo126 {"go-publisher":"Golang-Publisher-A","random-number":45,"number":149,"strltr":"test-JLvmMLiFbG"} {"event_id":"EVENT-NJoAo126"}
EVENT-NJoAo126 {"go-publisher":"Golang-Publisher-B","random-number":45,"number":149,"strltr":"test-JLvmMLiFbG"} {"event_id":"EVENT-NJoAo126"}
EVENT-NJoAo126 {"go-publisher":"Golang-Publisher-C","random-number":45,"number":149,"strltr":"test-JLvmMLiFbG"} {"event_id":"EVENT-NJoAo126"}
EVENT-NJoAo126 {"go-publisher":"Golang-Publisher-D","random-number":45,"number":149,"strltr":"test-JLvmMLiFbG"} {"event_id":"EVENT-NJoAo126"}
EVENT-NOOCa86 {"go-publisher":"Golang-Publisher-A","random-number":85,"number":99,"strltr":"test-tIbLGNudyF"} {"event_id":"EVENT-NOOCa86"}
EVENT-NOOCa86 {"go-publisher":"Golang-Publisher-B","random-number":85,"number":99,"strltr":"test-tIbLGNudyF"} {"event_id":"EVENT-NOOCa86"}
EVENT-NOOCa86 {"go-publisher":"Golang-Publisher-C","random-number":85,"number":99,"strltr":"test-tIbLGNudyF"} {"event_id":"EVENT-NOOCa86"}
EVENT-NOOCa86 {"go-publisher":"Golang-Publisher-D","random-number":85,"number":99,"strltr":"test-tIbLGNudyF"} {"event_id":"EVENT-NOOCa86"}
EVENT-NRBqp168 {"go-publisher":"Golang-Publisher-A","random-number":108,"number":103,"strltr":"test-ieKYvMzAUr"} {"event_id":"EVENT-NRBqp168"}
EVENT-NRBqp168 {"go-publisher":"Golang-Publisher-B","random-number":108,"number":103,"strltr":"test-ieKYvMzAUr"} {"event_id":"EVENT-NRBqp168"}
EVENT-NRBqp168 {"go-publisher":"Golang-Publisher-C","random-number":108,"number":103,"strltr":"test-ieKYvMzAUr"} {"event_id":"EVENT-NRBqp168"}
EVENT-NRBqp168 {"go-publisher":"Golang-Publisher-D","random-number":108,"number":103,"strltr":"test-ieKYvMzAUr"} {"event_id":"EVENT-NRBqp168"}
EVENT-NedzQ185 {"go-publisher":"Golang-Publisher-A","random-number":133,"number":74,"strltr":"test-NoLNQMsqed"} {"event_id":"EVENT-NedzQ185"}
EVENT-NedzQ185 {"go-publisher":"Golang-Publisher-B","random-number":133,"number":74,"strltr":"test-NoLNQMsqed"} {"event_id":"EVENT-NedzQ185"}
EVENT-NedzQ185 {"go-publisher":"Golang-Publisher-C","random-number":133,"number":74,"strltr":"test-NoLNQMsqed"} {"event_id":"EVENT-NedzQ185"}
EVENT-NedzQ185 {"go-publisher":"Golang-Publisher-D","random-number":133,"number":74,"strltr":"test-NoLNQMsqed"} {"event_id":"EVENT-NedzQ185"}
EVENT-NpRaH153 {"go-publisher":"Golang-Publisher-A","random-number":149,"number":55,"strltr":"test-GBTuQniDcy"} {"event_id":"EVENT-NpRaH153"}
EVENT-NpRaH153 {"go-publisher":"Golang-Publisher-B","random-number":149,"number":55,"strltr":"test-GBTuQniDcy"} {"event_id":"EVENT-NpRaH153"}
EVENT-NpRaH153 {"go-publisher":"Golang-Publisher-C","random-number":149,"number":55,"strltr":"test-GBTuQniDcy"} {"event_id":"EVENT-NpRaH153"}
EVENT-NpRaH153 {"go-publisher":"Golang-Publisher-D","random-number":149,"number":55,"strltr":"test-GBTuQniDcy"} {"event_id":"EVENT-NpRaH153"}
EVENT-NvZPo292 {"go-publisher":"Golang-Publisher-A","random-number":106,"number":39,"strltr":"test-VRRVAKtcRp"} {"event_id":"EVENT-NvZPo292"}
EVENT-NvZPo292 {"go-publisher":"Golang-Publisher-B","random-number":106,"number":39,"strltr":"test-VRRVAKtcRp"} {"event_id":"EVENT-NvZPo292"}
EVENT-NvZPo292 {"go-publisher":"Golang-Publisher-C","random-number":106,"number":39,"strltr":"test-VRRVAKtcRp"} {"event_id":"EVENT-NvZPo292"}
EVENT-NvZPo292 {"go-publisher":"Golang-Publisher-D","random-number":106,"number":39,"strltr":"test-VRRVAKtcRp"} {"event_id":"EVENT-NvZPo292"}
EVENT-OEdqL109 {"go-publisher":"Golang-Publisher-A","random-number":121,"number":22,"strltr":"test-DFEggcCJSB"} {"event_id":"EVENT-OEdqL109"}
EVENT-OEdqL109 {"go-publisher":"Golang-Publisher-B","random-number":121,"number":22,"strltr":"test-DFEggcCJSB"} {"event_id":"EVENT-OEdqL109"}
EVENT-OEdqL109 {"go-publisher":"Golang-Publisher-C","random-number":121,"number":22,"strltr":"test-DFEggcCJSB"} {"event_id":"EVENT-OEdqL109"}
EVENT-OEdqL109 {"go-publisher":"Golang-Publisher-D","random-number":121,"number":22,"strltr":"test-DFEggcCJSB"} {"event_id":"EVENT-OEdqL109"}
EVENT-OTmmG204 {"go-publisher":"Golang-Publisher-A","random-number":114,"number":135,"strltr":"test-iuyXQxSyNb"} {"event_id":"EVENT-OTmmG204"}
EVENT-OTmmG204 {"go-publisher":"Golang-Publisher-B","random-number":114,"number":135,"strltr":"test-iuyXQxSyNb"} {"event_id":"EVENT-OTmmG204"}
EVENT-OTmmG204 {"go-publisher":"Golang-Publisher-C","random-number":114,"number":135,"strltr":"test-iuyXQxSyNb"} {"event_id":"EVENT-OTmmG204"}
EVENT-OTmmG204 {"go-publisher":"Golang-Publisher-D","random-number":114,"number":135,"strltr":"test-iuyXQxSyNb"} {"event_id":"EVENT-OTmmG204"}
EVENT-OUTrF105 {"go-publisher":"Golang-Publisher-A","random-number":119,"number":100,"strltr":"test-kNDSQFmMrN"} {"event_id":"EVENT-OUTrF105"}
EVENT-OUTrF105 {"go-publisher":"Golang-Publisher-B","random-number":119,"number":100,"strltr":"test-kNDSQFmMrN"} {"event_id":"EVENT-OUTrF105"}
EVENT-OUTrF105 {"go-publisher":"Golang-Publisher-C","random-number":119,"number":100,"strltr":"test-kNDSQFmMrN"} {"event_id":"EVENT-OUTrF105"}
EVENT-OUTrF105 {"go-publisher":"Golang-Publisher-D","random-number":119,"number":100,"strltr":"test-kNDSQFmMrN"} {"event_id":"EVENT-OUTrF105"}
EVENT-OcbVK142 {"go-publisher":"Golang-Publisher-A","random-number":88,"number":158,"strltr":"test-cyKynFdYGl"} {"event_id":"EVENT-OcbVK142"}
EVENT-OcbVK142 {"go-publisher":"Golang-Publisher-B","random-number":88,"number":158,"strltr":"test-cyKynFdYGl"} {"event_id":"EVENT-OcbVK142"}
EVENT-OcbVK142 {"go-publisher":"Golang-Publisher-C","random-number":88,"number":158,"strltr":"test-cyKynFdYGl"} {"event_id":"EVENT-OcbVK142"}
EVENT-OcbVK142 {"go-publisher":"Golang-Publisher-D","random-number":88,"number":158,"strltr":"test-cyKynFdYGl"} {"event_id":"EVENT-OcbVK142"}
EVENT-OgSce215 {"go-publisher":"Golang-Publisher-A","random-number":123,"number":87,"strltr":"test-QaXDZDLgoI"} {"event_id":"EVENT-OgSce215"}
EVENT-OgSce215 {"go-publisher":"Golang-Publisher-B","random-number":123,"number":87,"strltr":"test-QaXDZDLgoI"} {"event_id":"EVENT-OgSce215"}
EVENT-OgSce215 {"go-publisher":"Golang-Publisher-C","random-number":123,"number":87,"strltr":"test-QaXDZDLgoI"} {"event_id":"EVENT-OgSce215"}
EVENT-OgSce215 {"go-publisher":"Golang-Publisher-D","random-number":123,"number":87,"strltr":"test-QaXDZDLgoI"} {"event_id":"EVENT-OgSce215"}
EVENT-PDLSo128 {"go-publisher":"Golang-Publisher-A","random-number":132,"number":86,"strltr":"test-VfGfAXJjRO"} {"event_id":"EVENT-PDLSo128"}
EVENT-PDLSo128 {"go-publisher":"Golang-Publisher-B","random-number":132,"number":86,"strltr":"test-VfGfAXJjRO"} {"event_id":"EVENT-PDLSo128"}
EVENT-PDLSo128 {"go-publisher":"Golang-Publisher-C","random-number":132,"number":86,"strltr":"test-VfGfAXJjRO"} {"event_id":"EVENT-PDLSo128"}
EVENT-PDLSo128 {"go-publisher":"Golang-Publisher-D","random-number":132,"number":86,"strltr":"test-VfGfAXJjRO"} {"event_id":"EVENT-PDLSo128"}
EVENT-PKXgo186 {"go-publisher":"Golang-Publisher-A","random-number":94,"number":13,"strltr":"test-DKDubDsaLd"} {"event_id":"EVENT-PKXgo186"}
EVENT-PKXgo186 {"go-publisher":"Golang-Publisher-B","random-number":94,"number":13,"strltr":"test-DKDubDsaLd"} {"event_id":"EVENT-PKXgo186"}
EVENT-PKXgo186 {"go-publisher":"Golang-Publisher-C","random-number":94,"number":13,"strltr":"test-DKDubDsaLd"} {"event_id":"EVENT-PKXgo186"}
EVENT-PKXgo186 {"go-publisher":"Golang-Publisher-D","random-number":94,"number":13,"strltr":"test-DKDubDsaLd"} {"event_id":"EVENT-PKXgo186"}
EVENT-PXlXN146 {"go-publisher":"Golang-Publisher-A","random-number":176,"number":69,"strltr":"test-oCCXanuKEh"} {"event_id":"EVENT-PXlXN146"}
EVENT-PXlXN146 {"go-publisher":"Golang-Publisher-B","random-number":176,"number":69,"strltr":"test-oCCXanuKEh"} {"event_id":"EVENT-PXlXN146"}
EVENT-PXlXN146 {"go-publisher":"Golang-Publisher-C","random-number":176,"number":69,"strltr":"test-oCCXanuKEh"} {"event_id":"EVENT-PXlXN146"}
EVENT-PXlXN146 {"go-publisher":"Golang-Publisher-D","random-number":176,"number":69,"strltr":"test-oCCXanuKEh"} {"event_id":"EVENT-PXlXN146"}
EVENT-QNlXV165 {"go-publisher":"Golang-Publisher-A","random-number":34,"number":148,"strltr":"test-QVHNlVHbsK"} {"event_id":"EVENT-QNlXV165"}
EVENT-QNlXV165 {"go-publisher":"Golang-Publisher-B","random-number":34,"number":148,"strltr":"test-QVHNlVHbsK"} {"event_id":"EVENT-QNlXV165"}
EVENT-QNlXV165 {"go-publisher":"Golang-Publisher-C","random-number":34,"number":148,"strltr":"test-QVHNlVHbsK"} {"event_id":"EVENT-QNlXV165"}
EVENT-QNlXV165 {"go-publisher":"Golang-Publisher-D","random-number":34,"number":148,"strltr":"test-QVHNlVHbsK"} {"event_id":"EVENT-QNlXV165"}
EVENT-QRpFk163 {"go-publisher":"Golang-Publisher-A","random-number":122,"number":5,"strltr":"test-fesGMnxmSx"} {"event_id":"EVENT-QRpFk163"}
EVENT-QRpFk163 {"go-publisher":"Golang-Publisher-B","random-number":122,"number":5,"strltr":"test-fesGMnxmSx"} {"event_id":"EVENT-QRpFk163"}
EVENT-QRpFk163 {"go-publisher":"Golang-Publisher-C","random-number":122,"number":5,"strltr":"test-fesGMnxmSx"} {"event_id":"EVENT-QRpFk163"}
EVENT-QRpFk163 {"go-publisher":"Golang-Publisher-D","random-number":122,"number":5,"strltr":"test-fesGMnxmSx"} {"event_id":"EVENT-QRpFk163"}
EVENT-QUILH202 {"go-publisher":"Golang-Publisher-A","random-number":30,"number":156,"strltr":"test-avBKYoHXnq"} {"event_id":"EVENT-QUILH202"}
EVENT-QUILH202 {"go-publisher":"Golang-Publisher-B","random-number":30,"number":156,"strltr":"test-avBKYoHXnq"} {"event_id":"EVENT-QUILH202"}
EVENT-QUILH202 {"go-publisher":"Golang-Publisher-C","random-number":30,"number":156,"strltr":"test-avBKYoHXnq"} {"event_id":"EVENT-QUILH202"}
EVENT-QUILH202 {"go-publisher":"Golang-Publisher-D","random-number":30,"number":156,"strltr":"test-avBKYoHXnq"} {"event_id":"EVENT-QUILH202"}
EVENT-QnUae60 {"go-publisher":"Golang-Publisher-A","random-number":99,"number":143,"strltr":"test-LREBSgwHAL"} {"event_id":"EVENT-QnUae60"}
EVENT-QnUae60 {"go-publisher":"Golang-Publisher-B","random-number":99,"number":143,"strltr":"test-LREBSgwHAL"} {"event_id":"EVENT-QnUae60"}
EVENT-QnUae60 {"go-publisher":"Golang-Publisher-C","random-number":99,"number":143,"strltr":"test-LREBSgwHAL"} {"event_id":"EVENT-QnUae60"}
EVENT-QnUae60 {"go-publisher":"Golang-Publisher-D","random-number":99,"number":143,"strltr":"test-LREBSgwHAL"} {"event_id":"EVENT-QnUae60"}
EVENT-RfkzB156 {"go-publisher":"Golang-Publisher-A","random-number":92,"number":21,"strltr":"test-RlMwuQRpbe"} {"event_id":"EVENT-RfkzB156"}
EVENT-RfkzB156 {"go-publisher":"Golang-Publisher-B","random-number":92,"number":21,"strltr":"test-RlMwuQRpbe"} {"event_id":"EVENT-RfkzB156"}
EVENT-RfkzB156 {"go-publisher":"Golang-Publisher-C","random-number":92,"number":21,"strltr":"test-RlMwuQRpbe"} {"event_id":"EVENT-RfkzB156"}
EVENT-RfkzB156 {"go-publisher":"Golang-Publisher-D","random-number":92,"number":21,"strltr":"test-RlMwuQRpbe"} {"event_id":"EVENT-RfkzB156"}
EVENT-SNfcw164 {"go-publisher":"Golang-Publisher-A","random-number":44,"number":132,"strltr":"test-wpqutFZoJC"} {"event_id":"EVENT-SNfcw164"}
EVENT-SNfcw164 {"go-publisher":"Golang-Publisher-B","random-number":44,"number":132,"strltr":"test-wpqutFZoJC"} {"event_id":"EVENT-SNfcw164"}
EVENT-SNfcw164 {"go-publisher":"Golang-Publisher-C","random-number":44,"number":132,"strltr":"test-wpqutFZoJC"} {"event_id":"EVENT-SNfcw164"}
EVENT-SNfcw164 {"go-publisher":"Golang-Publisher-D","random-number":44,"number":132,"strltr":"test-wpqutFZoJC"} {"event_id":"EVENT-SNfcw164"}
EVENT-SNqQp141 {"go-publisher":"Golang-Publisher-A","random-number":2,"number":150,"strltr":"test-VpCeSogIzh"} {"event_id":"EVENT-SNqQp141"}
EVENT-SNqQp141 {"go-publisher":"Golang-Publisher-B","random-number":2,"number":150,"strltr":"test-VpCeSogIzh"} {"event_id":"EVENT-SNqQp141"}
EVENT-SNqQp141 {"go-publisher":"Golang-Publisher-C","random-number":2,"number":150,"strltr":"test-VpCeSogIzh"} {"event_id":"EVENT-SNqQp141"}
EVENT-SNqQp141 {"go-publisher":"Golang-Publisher-D","random-number":2,"number":150,"strltr":"test-VpCeSogIzh"} {"event_id":"EVENT-SNqQp141"}
EVENT-TiYCp64 {"go-publisher":"Golang-Publisher-A","random-number":68,"number":92,"strltr":"test-IcAAlWwdkU"} {"event_id":"EVENT-TiYCp64"}
EVENT-TiYCp64 {"go-publisher":"Golang-Publisher-B","random-number":68,"number":92,"strltr":"test-IcAAlWwdkU"} {"event_id":"EVENT-TiYCp64"}
EVENT-TiYCp64 {"go-publisher":"Golang-Publisher-C","random-number":68,"number":92,"strltr":"test-IcAAlWwdkU"} {"event_id":"EVENT-TiYCp64"}
EVENT-TiYCp64 {"go-publisher":"Golang-Publisher-D","random-number":68,"number":92,"strltr":"test-IcAAlWwdkU"} {"event_id":"EVENT-TiYCp64"}
EVENT-Tofch203 {"go-publisher":"Golang-Publisher-A","random-number":70,"number":1,"strltr":"test-EjJCBzuvhL"} {"event_id":"EVENT-Tofch203"}
EVENT-Tofch203 {"go-publisher":"Golang-Publisher-B","random-number":70,"number":1,"strltr":"test-EjJCBzuvhL"} {"event_id":"EVENT-Tofch203"}
EVENT-Tofch203 {"go-publisher":"Golang-Publisher-C","random-number":70,"number":1,"strltr":"test-EjJCBzuvhL"} {"event_id":"EVENT-Tofch203"}
EVENT-Tofch203 {"go-publisher":"Golang-Publisher-D","random-number":70,"number":1,"strltr":"test-EjJCBzuvhL"} {"event_id":"EVENT-Tofch203"}
EVENT-TsmJF133 {"go-publisher":"Golang-Publisher-A","random-number":129,"number":142,"strltr":"test-ykmEtHZZCt"} {"event_id":"EVENT-TsmJF133"}
EVENT-TsmJF133 {"go-publisher":"Golang-Publisher-B","random-number":129,"number":142,"strltr":"test-ykmEtHZZCt"} {"event_id":"EVENT-TsmJF133"}
EVENT-TsmJF133 {"go-publisher":"Golang-Publisher-C","random-number":129,"number":142,"strltr":"test-ykmEtHZZCt"} {"event_id":"EVENT-TsmJF133"}
EVENT-TsmJF133 {"go-publisher":"Golang-Publisher-D","random-number":129,"number":142,"strltr":"test-ykmEtHZZCt"} {"event_id":"EVENT-TsmJF133"}
EVENT-TtPZo180 {"go-publisher":"Golang-Publisher-A","random-number":142,"number":151,"strltr":"test-XCmyNETdsI"} {"event_id":"EVENT-TtPZo180"}
EVENT-TtPZo180 {"go-publisher":"Golang-Publisher-B","random-number":142,"number":151,"strltr":"test-XCmyNETdsI"} {"event_id":"EVENT-TtPZo180"}
EVENT-TtPZo180 {"go-publisher":"Golang-Publisher-C","random-number":142,"number":151,"strltr":"test-XCmyNETdsI"} {"event_id":"EVENT-TtPZo180"}
EVENT-TtPZo180 {"go-publisher":"Golang-Publisher-D","random-number":142,"number":151,"strltr":"test-XCmyNETdsI"} {"event_id":"EVENT-TtPZo180"}
EVENT-TxeZE22 {"go-publisher":"Golang-Publisher-A","random-number":189,"number":154,"strltr":"test-teRMARShoA"} {"event_id":"EVENT-TxeZE22"}
EVENT-TxeZE22 {"go-publisher":"Golang-Publisher-B","random-number":189,"number":154,"strltr":"test-teRMARShoA"} {"event_id":"EVENT-TxeZE22"}
EVENT-TxeZE22 {"go-publisher":"Golang-Publisher-C","random-number":189,"number":154,"strltr":"test-teRMARShoA"} {"event_id":"EVENT-TxeZE22"}
EVENT-TxeZE22 {"go-publisher":"Golang-Publisher-D","random-number":189,"number":154,"strltr":"test-teRMARShoA"} {"event_id":"EVENT-TxeZE22"}
EVENT-UQCqP155 {"go-publisher":"Golang-Publisher-A","random-number":83,"number":36,"strltr":"test-XLTZTLixNM"} {"event_id":"EVENT-UQCqP155"}
EVENT-UQCqP155 {"go-publisher":"Golang-Publisher-B","random-number":83,"number":36,"strltr":"test-XLTZTLixNM"} {"event_id":"EVENT-UQCqP155"}
EVENT-UQCqP155 {"go-publisher":"Golang-Publisher-C","random-number":83,"number":36,"strltr":"test-XLTZTLixNM"} {"event_id":"EVENT-UQCqP155"}
EVENT-UQCqP155 {"go-publisher":"Golang-Publisher-D","random-number":83,"number":36,"strltr":"test-XLTZTLixNM"} {"event_id":"EVENT-UQCqP155"}
EVENT-UcWxI46 {"go-publisher":"Golang-Publisher-A","random-number":18,"number":14,"strltr":"test-fCHFxipOfU"} {"event_id":"EVENT-UcWxI46"}
EVENT-UcWxI46 {"go-publisher":"Golang-Publisher-B","random-number":18,"number":14,"strltr":"test-fCHFxipOfU"} {"event_id":"EVENT-UcWxI46"}
EVENT-UcWxI46 {"go-publisher":"Golang-Publisher-C","random-number":18,"number":14,"strltr":"test-fCHFxipOfU"} {"event_id":"EVENT-UcWxI46"}
EVENT-UcWxI46 {"go-publisher":"Golang-Publisher-D","random-number":18,"number":14,"strltr":"test-fCHFxipOfU"} {"event_id":"EVENT-UcWxI46"}
EVENT-UdRsq102 {"go-publisher":"Golang-Publisher-A","random-number":60,"number":28,"strltr":"test-ZXzyYhNODx"} {"event_id":"EVENT-UdRsq102"}
EVENT-UdRsq102 {"go-publisher":"Golang-Publisher-B","random-number":60,"number":28,"strltr":"test-ZXzyYhNODx"} {"event_id":"EVENT-UdRsq102"}
EVENT-UdRsq102 {"go-publisher":"Golang-Publisher-C","random-number":60,"number":28,"strltr":"test-ZXzyYhNODx"} {"event_id":"EVENT-UdRsq102"}
EVENT-UdRsq102 {"go-publisher":"Golang-Publisher-D","random-number":60,"number":28,"strltr":"test-ZXzyYhNODx"} {"event_id":"EVENT-UdRsq102"}
EVENT-UkVaj99 {"go-publisher":"Golang-Publisher-A","random-number":117,"number":41,"strltr":"test-zsDBXNZmSQ"} {"event_id":"EVENT-UkVaj99"}
EVENT-UkVaj99 {"go-publisher":"Golang-Publisher-B","random-number":117,"number":41,"strltr":"test-zsDBXNZmSQ"} {"event_id":"EVENT-UkVaj99"}
EVENT-UkVaj99 {"go-publisher":"Golang-Publisher-C","random-number":117,"number":41,"strltr":"test-zsDBXNZmSQ"} {"event_id":"EVENT-UkVaj99"}
EVENT-UkVaj99 {"go-publisher":"Golang-Publisher-D","random-number":117,"number":41,"strltr":"test-zsDBXNZmSQ"} {"event_id":"EVENT-UkVaj99"}
EVENT-VAXkf210 {"go-publisher":"Golang-Publisher-A","random-number":183,"number":71,"strltr":"test-XvPMCOKvuX"} {"event_id":"EVENT-VAXkf210"}
EVENT-VAXkf210 {"go-publisher":"Golang-Publisher-B","random-number":183,"number":71,"strltr":"test-XvPMCOKvuX"} {"event_id":"EVENT-VAXkf210"}
EVENT-VAXkf210 {"go-publisher":"Golang-Publisher-C","random-number":183,"number":71,"strltr":"test-XvPMCOKvuX"} {"event_id":"EVENT-VAXkf210"}
EVENT-VAXkf210 {"go-publisher":"Golang-Publisher-D","random-number":183,"number":71,"strltr":"test-XvPMCOKvuX"} {"event_id":"EVENT-VAXkf210"}
EVENT-VAZem89 {"go-publisher":"Golang-Publisher-A","random-number":73,"number":85,"strltr":"test-KhatLbBaYV"} {"event_id":"EVENT-VAZem89"}
EVENT-VAZem89 {"go-publisher":"Golang-Publisher-B","random-number":73,"number":85,"strltr":"test-KhatLbBaYV"} {"event_id":"EVENT-VAZem89"}
EVENT-VAZem89 {"go-publisher":"Golang-Publisher-C","random-number":73,"number":85,"strltr":"test-KhatLbBaYV"} {"event_id":"EVENT-VAZem89"}
EVENT-VAZem89 {"go-publisher":"Golang-Publisher-D","random-number":73,"number":85,"strltr":"test-KhatLbBaYV"} {"event_id":"EVENT-VAZem89"}
EVENT-VHMfL32 {"go-publisher":"Golang-Publisher-A","random-number":100,"number":56,"strltr":"test-CrwHguCXcv"} {"event_id":"EVENT-VHMfL32"}
EVENT-VHMfL32 {"go-publisher":"Golang-Publisher-B","random-number":100,"number":56,"strltr":"test-CrwHguCXcv"} {"event_id":"EVENT-VHMfL32"}
EVENT-VHMfL32 {"go-publisher":"Golang-Publisher-C","random-number":100,"number":56,"strltr":"test-CrwHguCXcv"} {"event_id":"EVENT-VHMfL32"}
EVENT-VHMfL32 {"go-publisher":"Golang-Publisher-D","random-number":100,"number":56,"strltr":"test-CrwHguCXcv"} {"event_id":"EVENT-VHMfL32"}
EVENT-ValRT130 {"go-publisher":"Golang-Publisher-A","random-number":136,"number":2,"strltr":"test-OnPZwabmLX"} {"event_id":"EVENT-ValRT130"}
EVENT-ValRT130 {"go-publisher":"Golang-Publisher-B","random-number":136,"number":2,"strltr":"test-OnPZwabmLX"} {"event_id":"EVENT-ValRT130"}
EVENT-ValRT130 {"go-publisher":"Golang-Publisher-C","random-number":136,"number":2,"strltr":"test-OnPZwabmLX"} {"event_id":"EVENT-ValRT130"}
EVENT-ValRT130 {"go-publisher":"Golang-Publisher-D","random-number":136,"number":2,"strltr":"test-OnPZwabmLX"} {"event_id":"EVENT-ValRT130"}
EVENT-VbfEP209 {"go-publisher":"Golang-Publisher-A","random-number":101,"number":91,"strltr":"test-yVLdmhTmmk"} {"event_id":"EVENT-VbfEP209"}
EVENT-VbfEP209 {"go-publisher":"Golang-Publisher-B","random-number":101,"number":91,"strltr":"test-yVLdmhTmmk"} {"event_id":"EVENT-VbfEP209"}
EVENT-VbfEP209 {"go-publisher":"Golang-Publisher-C","random-number":101,"number":91,"strltr":"test-yVLdmhTmmk"} {"event_id":"EVENT-VbfEP209"}
EVENT-VbfEP209 {"go-publisher":"Golang-Publisher-D","random-number":101,"number":91,"strltr":"test-yVLdmhTmmk"} {"event_id":"EVENT-VbfEP209"}
EVENT-VoNbB145 {"go-publisher":"Golang-Publisher-A","random-number":47,"number":144,"strltr":"test-mCBJWDRcEZ"} {"event_id":"EVENT-VoNbB145"}
EVENT-VoNbB145 {"go-publisher":"Golang-Publisher-B","random-number":47,"number":144,"strltr":"test-mCBJWDRcEZ"} {"event_id":"EVENT-VoNbB145"}
EVENT-VoNbB145 {"go-publisher":"Golang-Publisher-C","random-number":47,"number":144,"strltr":"test-mCBJWDRcEZ"} {"event_id":"EVENT-VoNbB145"}
EVENT-VoNbB145 {"go-publisher":"Golang-Publisher-D","random-number":47,"number":144,"strltr":"test-mCBJWDRcEZ"} {"event_id":"EVENT-VoNbB145"}
EVENT-VzHNu137 {"go-publisher":"Golang-Publisher-A","random-number":64,"number":47,"strltr":"test-OxJLBKTsdF"} {"event_id":"EVENT-VzHNu137"}
EVENT-VzHNu137 {"go-publisher":"Golang-Publisher-B","random-number":64,"number":47,"strltr":"test-OxJLBKTsdF"} {"event_id":"EVENT-VzHNu137"}
EVENT-VzHNu137 {"go-publisher":"Golang-Publisher-C","random-number":64,"number":47,"strltr":"test-OxJLBKTsdF"} {"event_id":"EVENT-VzHNu137"}
EVENT-VzHNu137 {"go-publisher":"Golang-Publisher-D","random-number":64,"number":47,"strltr":"test-OxJLBKTsdF"} {"event_id":"EVENT-VzHNu137"}
EVENT-WDEvv193 {"go-publisher":"Golang-Publisher-A","random-number":105,"number":88,"strltr":"test-KZEAkePhUh"} {"event_id":"EVENT-WDEvv193"}
EVENT-WDEvv193 {"go-publisher":"Golang-Publisher-B","random-number":105,"number":88,"strltr":"test-KZEAkePhUh"} {"event_id":"EVENT-WDEvv193"}
EVENT-WDEvv193 {"go-publisher":"Golang-Publisher-C","random-number":105,"number":88,"strltr":"test-KZEAkePhUh"} {"event_id":"EVENT-WDEvv193"}
EVENT-WDEvv193 {"go-publisher":"Golang-Publisher-D","random-number":105,"number":88,"strltr":"test-KZEAkePhUh"} {"event_id":"EVENT-WDEvv193"}
EVENT-WZBXJ143 {"go-publisher":"Golang-Publisher-A","random-number":153,"number":121,"strltr":"test-XFKcEXBoFE"} {"event_id":"EVENT-WZBXJ143"}
EVENT-WZBXJ143 {"go-publisher":"Golang-Publisher-B","random-number":153,"number":121,"strltr":"test-XFKcEXBoFE"} {"event_id":"EVENT-WZBXJ143"}
EVENT-WZBXJ143 {"go-publisher":"Golang-Publisher-C","random-number":153,"number":121,"strltr":"test-XFKcEXBoFE"} {"event_id":"EVENT-WZBXJ143"}
EVENT-WZBXJ143 {"go-publisher":"Golang-Publisher-D","random-number":153,"number":121,"strltr":"test-XFKcEXBoFE"} {"event_id":"EVENT-WZBXJ143"}
EVENT-XqafB201 {"go-publisher":"Golang-Publisher-A","random-number":73,"number":163,"strltr":"test-QxaTQvGxPJ"} {"event_id":"EVENT-XqafB201"}
EVENT-XqafB201 {"go-publisher":"Golang-Publisher-B","random-number":73,"number":163,"strltr":"test-QxaTQvGxPJ"} {"event_id":"EVENT-XqafB201"}
EVENT-XqafB201 {"go-publisher":"Golang-Publisher-C","random-number":73,"number":163,"strltr":"test-QxaTQvGxPJ"} {"event_id":"EVENT-XqafB201"}
EVENT-XqafB201 {"go-publisher":"Golang-Publisher-D","random-number":73,"number":163,"strltr":"test-QxaTQvGxPJ"} {"event_id":"EVENT-XqafB201"}
EVENT-YBjpP161 {"go-publisher":"Golang-Publisher-A","random-number":99,"number":33,"strltr":"test-wJXtoGypXz"} {"event_id":"EVENT-YBjpP161"}
EVENT-YBjpP161 {"go-publisher":"Golang-Publisher-B","random-number":99,"number":33,"strltr":"test-wJXtoGypXz"} {"event_id":"EVENT-YBjpP161"}
EVENT-YBjpP161 {"go-publisher":"Golang-Publisher-C","random-number":99,"number":33,"strltr":"test-wJXtoGypXz"} {"event_id":"EVENT-YBjpP161"}
EVENT-YBjpP161 {"go-publisher":"Golang-Publisher-D","random-number":99,"number":33,"strltr":"test-wJXtoGypXz"} {"event_id":"EVENT-YBjpP161"}
EVENT-YOoFw53 {"go-publisher":"Golang-Publisher-A","random-number":162,"number":58,"strltr":"test-fFcKWCcKIx"} {"event_id":"EVENT-YOoFw53"}
EVENT-YOoFw53 {"go-publisher":"Golang-Publisher-B","random-number":162,"number":58,"strltr":"test-fFcKWCcKIx"} {"event_id":"EVENT-YOoFw53"}
EVENT-YOoFw53 {"go-publisher":"Golang-Publisher-C","random-number":162,"number":58,"strltr":"test-fFcKWCcKIx"} {"event_id":"EVENT-YOoFw53"}
EVENT-YOoFw53 {"go-publisher":"Golang-Publisher-D","random-number":162,"number":58,"strltr":"test-fFcKWCcKIx"} {"event_id":"EVENT-YOoFw53"}
EVENT-YeXAk148 {"go-publisher":"Golang-Publisher-A","random-number":105,"number":75,"strltr":"test-hCLfNwEXjS"} {"event_id":"EVENT-YeXAk148"}
EVENT-YeXAk148 {"go-publisher":"Golang-Publisher-B","random-number":105,"number":75,"strltr":"test-hCLfNwEXjS"} {"event_id":"EVENT-YeXAk148"}
EVENT-YeXAk148 {"go-publisher":"Golang-Publisher-C","random-number":105,"number":75,"strltr":"test-hCLfNwEXjS"} {"event_id":"EVENT-YeXAk148"}
EVENT-YeXAk148 {"go-publisher":"Golang-Publisher-D","random-number":105,"number":75,"strltr":"test-hCLfNwEXjS"} {"event_id":"EVENT-YeXAk148"}
EVENT-Ynnfx137 {"go-publisher":"Golang-Publisher-A","random-number":28,"number":80,"strltr":"test-rydIyGfLMT"} {"event_id":"EVENT-Ynnfx137"}
EVENT-Ynnfx137 {"go-publisher":"Golang-Publisher-B","random-number":28,"number":80,"strltr":"test-rydIyGfLMT"} {"event_id":"EVENT-Ynnfx137"}
EVENT-Ynnfx137 {"go-publisher":"Golang-Publisher-C","random-number":28,"number":80,"strltr":"test-rydIyGfLMT"} {"event_id":"EVENT-Ynnfx137"}
EVENT-Ynnfx137 {"go-publisher":"Golang-Publisher-D","random-number":28,"number":80,"strltr":"test-rydIyGfLMT"} {"event_id":"EVENT-Ynnfx137"}
EVENT-ZgTHw194 {"go-publisher":"Golang-Publisher-A","random-number":87,"number":35,"strltr":"test-qjdwJQCAxZ"} {"event_id":"EVENT-ZgTHw194"}
EVENT-ZgTHw194 {"go-publisher":"Golang-Publisher-B","random-number":87,"number":35,"strltr":"test-qjdwJQCAxZ"} {"event_id":"EVENT-ZgTHw194"}
EVENT-ZgTHw194 {"go-publisher":"Golang-Publisher-C","random-number":87,"number":35,"strltr":"test-qjdwJQCAxZ"} {"event_id":"EVENT-ZgTHw194"}
EVENT-ZgTHw194 {"go-publisher":"Golang-Publisher-D","random-number":87,"number":35,"strltr":"test-qjdwJQCAxZ"} {"event_id":"EVENT-ZgTHw194"}
EVENT-ZoGoI130 {"go-publisher":"Golang-Publisher-A","random-number":23,"number":53,"strltr":"test-aOGJjBMiut"} {"event_id":"EVENT-ZoGoI130"}
EVENT-ZoGoI130 {"go-publisher":"Golang-Publisher-B","random-number":23,"number":53,"strltr":"test-aOGJjBMiut"} {"event_id":"EVENT-ZoGoI130"}
EVENT-ZoGoI130 {"go-publisher":"Golang-Publisher-C","random-number":23,"number":53,"strltr":"test-aOGJjBMiut"} {"event_id":"EVENT-ZoGoI130"}
EVENT-ZoGoI130 {"go-publisher":"Golang-Publisher-D","random-number":23,"number":53,"strltr":"test-aOGJjBMiut"} {"event_id":"EVENT-ZoGoI130"}
EVENT-aDlLQ110 {"go-publisher":"Golang-Publisher-A","random-number":143,"number":130,"strltr":"test-DKTbSMuapR"} {"event_id":"EVENT-aDlLQ110"}
EVENT-aDlLQ110 {"go-publisher":"Golang-Publisher-B","random-number":143,"number":130,"strltr":"test-DKTbSMuapR"} {"event_id":"EVENT-aDlLQ110"}
EVENT-aDlLQ110 {"go-publisher":"Golang-Publisher-C","random-number":143,"number":130,"strltr":"test-DKTbSMuapR"} {"event_id":"EVENT-aDlLQ110"}
EVENT-aDlLQ110 {"go-publisher":"Golang-Publisher-D","random-number":143,"number":130,"strltr":"test-DKTbSMuapR"} {"event_id":"EVENT-aDlLQ110"}
EVENT-aKnjr97 {"go-publisher":"Golang-Publisher-A","random-number":152,"number":81,"strltr":"test-DCHDCFLjmZ"} {"event_id":"EVENT-aKnjr97"}
EVENT-aKnjr97 {"go-publisher":"Golang-Publisher-B","random-number":152,"number":81,"strltr":"test-DCHDCFLjmZ"} {"event_id":"EVENT-aKnjr97"}
EVENT-aKnjr97 {"go-publisher":"Golang-Publisher-C","random-number":152,"number":81,"strltr":"test-DCHDCFLjmZ"} {"event_id":"EVENT-aKnjr97"}
EVENT-aKnjr97 {"go-publisher":"Golang-Publisher-D","random-number":152,"number":81,"strltr":"test-DCHDCFLjmZ"} {"event_id":"EVENT-aKnjr97"}
EVENT-aiOVH109 {"go-publisher":"Golang-Publisher-A","random-number":157,"number":84,"strltr":"test-mXOiuiArUm"} {"event_id":"EVENT-aiOVH109"}
EVENT-aiOVH109 {"go-publisher":"Golang-Publisher-B","random-number":157,"number":84,"strltr":"test-mXOiuiArUm"} {"event_id":"EVENT-aiOVH109"}
EVENT-aiOVH109 {"go-publisher":"Golang-Publisher-C","random-number":157,"number":84,"strltr":"test-mXOiuiArUm"} {"event_id":"EVENT-aiOVH109"}
EVENT-aiOVH109 {"go-publisher":"Golang-Publisher-D","random-number":157,"number":84,"strltr":"test-mXOiuiArUm"} {"event_id":"EVENT-aiOVH109"}
EVENT-bIeNB208 {"go-publisher":"Golang-Publisher-A","random-number":85,"number":30,"strltr":"test-riXvJKPeam"} {"event_id":"EVENT-bIeNB208"}
EVENT-bIeNB208 {"go-publisher":"Golang-Publisher-B","random-number":85,"number":30,"strltr":"test-riXvJKPeam"} {"event_id":"EVENT-bIeNB208"}
EVENT-bIeNB208 {"go-publisher":"Golang-Publisher-C","random-number":85,"number":30,"strltr":"test-riXvJKPeam"} {"event_id":"EVENT-bIeNB208"}
EVENT-bIeNB208 {"go-publisher":"Golang-Publisher-D","random-number":85,"number":30,"strltr":"test-riXvJKPeam"} {"event_id":"EVENT-bIeNB208"}
EVENT-bZkxS197 {"go-publisher":"Golang-Publisher-A","random-number":97,"number":134,"strltr":"test-cEhZdOyJce"} {"event_id":"EVENT-bZkxS197"}
EVENT-bZkxS197 {"go-publisher":"Golang-Publisher-B","random-number":97,"number":134,"strltr":"test-cEhZdOyJce"} {"event_id":"EVENT-bZkxS197"}
EVENT-bZkxS197 {"go-publisher":"Golang-Publisher-C","random-number":97,"number":134,"strltr":"test-cEhZdOyJce"} {"event_id":"EVENT-bZkxS197"}
EVENT-bZkxS197 {"go-publisher":"Golang-Publisher-D","random-number":97,"number":134,"strltr":"test-cEhZdOyJce"} {"event_id":"EVENT-bZkxS197"}
EVENT-bjTDX98 {"go-publisher":"Golang-Publisher-A","random-number":120,"number":76,"strltr":"test-sRVmYFOKua"} {"event_id":"EVENT-bjTDX98"}
EVENT-bjTDX98 {"go-publisher":"Golang-Publisher-B","random-number":120,"number":76,"strltr":"test-sRVmYFOKua"} {"event_id":"EVENT-bjTDX98"}
EVENT-bjTDX98 {"go-publisher":"Golang-Publisher-C","random-number":120,"number":76,"strltr":"test-sRVmYFOKua"} {"event_id":"EVENT-bjTDX98"}
EVENT-bjTDX98 {"go-publisher":"Golang-Publisher-D","random-number":120,"number":76,"strltr":"test-sRVmYFOKua"} {"event_id":"EVENT-bjTDX98"}
EVENT-bnGOK69 {"go-publisher":"Golang-Publisher-A","random-number":108,"number":152,"strltr":"test-wbBZtRiccK"} {"event_id":"EVENT-bnGOK69"}
EVENT-bnGOK69 {"go-publisher":"Golang-Publisher-B","random-number":108,"number":152,"strltr":"test-wbBZtRiccK"} {"event_id":"EVENT-bnGOK69"}
EVENT-bnGOK69 {"go-publisher":"Golang-Publisher-C","random-number":108,"number":152,"strltr":"test-wbBZtRiccK"} {"event_id":"EVENT-bnGOK69"}
EVENT-bnGOK69 {"go-publisher":"Golang-Publisher-D","random-number":108,"number":152,"strltr":"test-wbBZtRiccK"} {"event_id":"EVENT-bnGOK69"}
EVENT-cGAkw110 {"go-publisher":"Golang-Publisher-A","random-number":102,"number":8,"strltr":"test-WHaavDHQPJ"} {"event_id":"EVENT-cGAkw110"}
EVENT-cGAkw110 {"go-publisher":"Golang-Publisher-B","random-number":102,"number":8,"strltr":"test-WHaavDHQPJ"} {"event_id":"EVENT-cGAkw110"}
EVENT-cGAkw110 {"go-publisher":"Golang-Publisher-C","random-number":102,"number":8,"strltr":"test-WHaavDHQPJ"} {"event_id":"EVENT-cGAkw110"}
EVENT-cGAkw110 {"go-publisher":"Golang-Publisher-D","random-number":102,"number":8,"strltr":"test-WHaavDHQPJ"} {"event_id":"EVENT-cGAkw110"}
EVENT-cJqJc35 {"go-publisher":"Golang-Publisher-A","random-number":94,"number":90,"strltr":"test-FmRPddRTdA"} {"event_id":"EVENT-cJqJc35"}
EVENT-cJqJc35 {"go-publisher":"Golang-Publisher-B","random-number":94,"number":90,"strltr":"test-FmRPddRTdA"} {"event_id":"EVENT-cJqJc35"}
EVENT-cJqJc35 {"go-publisher":"Golang-Publisher-C","random-number":94,"number":90,"strltr":"test-FmRPddRTdA"} {"event_id":"EVENT-cJqJc35"}
EVENT-cJqJc35 {"go-publisher":"Golang-Publisher-D","random-number":94,"number":90,"strltr":"test-FmRPddRTdA"} {"event_id":"EVENT-cJqJc35"}
EVENT-cViIA115 {"go-publisher":"Golang-Publisher-A","random-number":149,"number":24,"strltr":"test-wnKYCCnSXG"} {"event_id":"EVENT-cViIA115"}
EVENT-cViIA115 {"go-publisher":"Golang-Publisher-B","random-number":149,"number":24,"strltr":"test-wnKYCCnSXG"} {"event_id":"EVENT-cViIA115"}
EVENT-cViIA115 {"go-publisher":"Golang-Publisher-C","random-number":149,"number":24,"strltr":"test-wnKYCCnSXG"} {"event_id":"EVENT-cViIA115"}
EVENT-cViIA115 {"go-publisher":"Golang-Publisher-D","random-number":149,"number":24,"strltr":"test-wnKYCCnSXG"} {"event_id":"EVENT-cViIA115"}
EVENT-dSlWp213 {"go-publisher":"Golang-Publisher-A","random-number":105,"number":38,"strltr":"test-dyIfXRlFKW"} {"event_id":"EVENT-dSlWp213"}
EVENT-dSlWp213 {"go-publisher":"Golang-Publisher-B","random-number":105,"number":38,"strltr":"test-dyIfXRlFKW"} {"event_id":"EVENT-dSlWp213"}
EVENT-dSlWp213 {"go-publisher":"Golang-Publisher-C","random-number":105,"number":38,"strltr":"test-dyIfXRlFKW"} {"event_id":"EVENT-dSlWp213"}
EVENT-dSlWp213 {"go-publisher":"Golang-Publisher-D","random-number":105,"number":38,"strltr":"test-dyIfXRlFKW"} {"event_id":"EVENT-dSlWp213"}
EVENT-dolKG50 {"go-publisher":"Golang-Publisher-A","random-number":81,"number":17,"strltr":"test-ODeSwIaNbQ"} {"event_id":"EVENT-dolKG50"}
EVENT-dolKG50 {"go-publisher":"Golang-Publisher-B","random-number":81,"number":17,"strltr":"test-ODeSwIaNbQ"} {"event_id":"EVENT-dolKG50"}
EVENT-dolKG50 {"go-publisher":"Golang-Publisher-C","random-number":81,"number":17,"strltr":"test-ODeSwIaNbQ"} {"event_id":"EVENT-dolKG50"}
EVENT-dolKG50 {"go-publisher":"Golang-Publisher-D","random-number":81,"number":17,"strltr":"test-ODeSwIaNbQ"} {"event_id":"EVENT-dolKG50"}
EVENT-eLCue165 {"go-publisher":"Golang-Publisher-A","random-number":78,"number":94,"strltr":"test-mSpoeHzolv"} {"event_id":"EVENT-eLCue165"}
EVENT-eLCue165 {"go-publisher":"Golang-Publisher-B","random-number":78,"number":94,"strltr":"test-mSpoeHzolv"} {"event_id":"EVENT-eLCue165"}
EVENT-eLCue165 {"go-publisher":"Golang-Publisher-C","random-number":78,"number":94,"strltr":"test-mSpoeHzolv"} {"event_id":"EVENT-eLCue165"}
EVENT-eLCue165 {"go-publisher":"Golang-Publisher-D","random-number":78,"number":94,"strltr":"test-mSpoeHzolv"} {"event_id":"EVENT-eLCue165"}
EVENT-eXGCc83 {"go-publisher":"Golang-Publisher-A","random-number":152,"number":23,"strltr":"test-IGwjyOJNSl"} {"event_id":"EVENT-eXGCc83"}
EVENT-eXGCc83 {"go-publisher":"Golang-Publisher-B","random-number":152,"number":23,"strltr":"test-IGwjyOJNSl"} {"event_id":"EVENT-eXGCc83"}
EVENT-eXGCc83 {"go-publisher":"Golang-Publisher-C","random-number":152,"number":23,"strltr":"test-IGwjyOJNSl"} {"event_id":"EVENT-eXGCc83"}
EVENT-eXGCc83 {"go-publisher":"Golang-Publisher-D","random-number":152,"number":23,"strltr":"test-IGwjyOJNSl"} {"event_id":"EVENT-eXGCc83"}
EVENT-egjsL225 {"go-publisher":"Golang-Publisher-A","random-number":92,"number":62,"strltr":"test-TyhVrKZPtl"} {"event_id":"EVENT-egjsL225"}
EVENT-egjsL225 {"go-publisher":"Golang-Publisher-B","random-number":92,"number":62,"strltr":"test-TyhVrKZPtl"} {"event_id":"EVENT-egjsL225"}
EVENT-egjsL225 {"go-publisher":"Golang-Publisher-C","random-number":92,"number":62,"strltr":"test-TyhVrKZPtl"} {"event_id":"EVENT-egjsL225"}
EVENT-egjsL225 {"go-publisher":"Golang-Publisher-D","random-number":92,"number":62,"strltr":"test-TyhVrKZPtl"} {"event_id":"EVENT-egjsL225"}
EVENT-eqZrR183 {"go-publisher":"Golang-Publisher-A","random-number":87,"number":108,"strltr":"test-ZsimrQwrMq"} {"event_id":"EVENT-eqZrR183"}
EVENT-eqZrR183 {"go-publisher":"Golang-Publisher-B","random-number":87,"number":108,"strltr":"test-ZsimrQwrMq"} {"event_id":"EVENT-eqZrR183"}
EVENT-eqZrR183 {"go-publisher":"Golang-Publisher-C","random-number":87,"number":108,"strltr":"test-ZsimrQwrMq"} {"event_id":"EVENT-eqZrR183"}
EVENT-eqZrR183 {"go-publisher":"Golang-Publisher-D","random-number":87,"number":108,"strltr":"test-ZsimrQwrMq"} {"event_id":"EVENT-eqZrR183"}
EVENT-ezmGz85 {"go-publisher":"Golang-Publisher-A","random-number":31,"number":166,"strltr":"test-lQyDftxgLr"} {"event_id":"EVENT-ezmGz85"}
EVENT-ezmGz85 {"go-publisher":"Golang-Publisher-B","random-number":31,"number":166,"strltr":"test-lQyDftxgLr"} {"event_id":"EVENT-ezmGz85"}
EVENT-ezmGz85 {"go-publisher":"Golang-Publisher-C","random-number":31,"number":166,"strltr":"test-lQyDftxgLr"} {"event_id":"EVENT-ezmGz85"}
EVENT-ezmGz85 {"go-publisher":"Golang-Publisher-D","random-number":31,"number":166,"strltr":"test-lQyDftxgLr"} {"event_id":"EVENT-ezmGz85"}
EVENT-fJFcs199 {"go-publisher":"Golang-Publisher-A","random-number":121,"number":157,"strltr":"test-wUueAAODXU"} {"event_id":"EVENT-fJFcs199"}
EVENT-fJFcs199 {"go-publisher":"Golang-Publisher-B","random-number":121,"number":157,"strltr":"test-wUueAAODXU"} {"event_id":"EVENT-fJFcs199"}
EVENT-fJFcs199 {"go-publisher":"Golang-Publisher-C","random-number":121,"number":157,"strltr":"test-wUueAAODXU"} {"event_id":"EVENT-fJFcs199"}
EVENT-fJFcs199 {"go-publisher":"Golang-Publisher-D","random-number":121,"number":157,"strltr":"test-wUueAAODXU"} {"event_id":"EVENT-fJFcs199"}
EVENT-fJkus121 {"go-publisher":"Golang-Publisher-A","random-number":77,"number":167,"strltr":"test-hWrWIKSBtJ"} {"event_id":"EVENT-fJkus121"}
EVENT-fJkus121 {"go-publisher":"Golang-Publisher-B","random-number":77,"number":167,"strltr":"test-hWrWIKSBtJ"} {"event_id":"EVENT-fJkus121"}
EVENT-fJkus121 {"go-publisher":"Golang-Publisher-C","random-number":77,"number":167,"strltr":"test-hWrWIKSBtJ"} {"event_id":"EVENT-fJkus121"}
EVENT-fJkus121 {"go-publisher":"Golang-Publisher-D","random-number":77,"number":167,"strltr":"test-hWrWIKSBtJ"} {"event_id":"EVENT-fJkus121"}
EVENT-fSBTq103 {"go-publisher":"Golang-Publisher-A","random-number":153,"number":68,"strltr":"test-PPRqkQSsBs"} {"event_id":"EVENT-fSBTq103"}
EVENT-fSBTq103 {"go-publisher":"Golang-Publisher-B","random-number":153,"number":68,"strltr":"test-PPRqkQSsBs"} {"event_id":"EVENT-fSBTq103"}
EVENT-fSBTq103 {"go-publisher":"Golang-Publisher-C","random-number":153,"number":68,"strltr":"test-PPRqkQSsBs"} {"event_id":"EVENT-fSBTq103"}
EVENT-fSBTq103 {"go-publisher":"Golang-Publisher-D","random-number":153,"number":68,"strltr":"test-PPRqkQSsBs"} {"event_id":"EVENT-fSBTq103"}
EVENT-fuzaC126 {"go-publisher":"Golang-Publisher-A","random-number":109,"number":11,"strltr":"test-lIQNqtgBvM"} {"event_id":"EVENT-fuzaC126"}
EVENT-fuzaC126 {"go-publisher":"Golang-Publisher-B","random-number":109,"number":11,"strltr":"test-lIQNqtgBvM"} {"event_id":"EVENT-fuzaC126"}
EVENT-fuzaC126 {"go-publisher":"Golang-Publisher-C","random-number":109,"number":11,"strltr":"test-lIQNqtgBvM"} {"event_id":"EVENT-fuzaC126"}
EVENT-fuzaC126 {"go-publisher":"Golang-Publisher-D","random-number":109,"number":11,"strltr":"test-lIQNqtgBvM"} {"event_id":"EVENT-fuzaC126"}
EVENT-gBFOY131 {"go-publisher":"Golang-Publisher-A","random-number":89,"number":83,"strltr":"test-KHVLLhzXED"} {"event_id":"EVENT-gBFOY131"}
EVENT-gBFOY131 {"go-publisher":"Golang-Publisher-B","random-number":89,"number":83,"strltr":"test-KHVLLhzXED"} {"event_id":"EVENT-gBFOY131"}
EVENT-gBFOY131 {"go-publisher":"Golang-Publisher-C","random-number":89,"number":83,"strltr":"test-KHVLLhzXED"} {"event_id":"EVENT-gBFOY131"}
EVENT-gBFOY131 {"go-publisher":"Golang-Publisher-D","random-number":89,"number":83,"strltr":"test-KHVLLhzXED"} {"event_id":"EVENT-gBFOY131"}
EVENT-getff234 {"go-publisher":"Golang-Publisher-D","random-number":101,"number":168,"strltr":"test-AunZmCYsNK"} {"event_id":"EVENT-getff234"}
EVENT-gwHzM182 {"go-publisher":"Golang-Publisher-A","random-number":47,"number":136,"strltr":"test-yhdvfMKnIJ"} {"event_id":"EVENT-gwHzM182"}
EVENT-gwHzM182 {"go-publisher":"Golang-Publisher-B","random-number":47,"number":136,"strltr":"test-yhdvfMKnIJ"} {"event_id":"EVENT-gwHzM182"}
EVENT-gwHzM182 {"go-publisher":"Golang-Publisher-C","random-number":47,"number":136,"strltr":"test-yhdvfMKnIJ"} {"event_id":"EVENT-gwHzM182"}
EVENT-gwHzM182 {"go-publisher":"Golang-Publisher-D","random-number":47,"number":136,"strltr":"test-yhdvfMKnIJ"} {"event_id":"EVENT-gwHzM182"}
EVENT-hLlrU160 {"go-publisher":"Golang-Publisher-A","random-number":107,"number":6,"strltr":"test-zxFoHGkCyG"} {"event_id":"EVENT-hLlrU160"}
EVENT-hLlrU160 {"go-publisher":"Golang-Publisher-B","random-number":107,"number":6,"strltr":"test-zxFoHGkCyG"} {"event_id":"EVENT-hLlrU160"}
EVENT-hLlrU160 {"go-publisher":"Golang-Publisher-C","random-number":107,"number":6,"strltr":"test-zxFoHGkCyG"} {"event_id":"EVENT-hLlrU160"}
EVENT-hLlrU160 {"go-publisher":"Golang-Publisher-D","random-number":107,"number":6,"strltr":"test-zxFoHGkCyG"} {"event_id":"EVENT-hLlrU160"}
EVENT-hgzdb92 {"go-publisher":"Golang-Publisher-A","random-number":38,"number":79,"strltr":"test-dUAXiboWkN"} {"event_id":"EVENT-hgzdb92"}
EVENT-hgzdb92 {"go-publisher":"Golang-Publisher-B","random-number":38,"number":79,"strltr":"test-dUAXiboWkN"} {"event_id":"EVENT-hgzdb92"}
EVENT-hgzdb92 {"go-publisher":"Golang-Publisher-C","random-number":38,"number":79,"strltr":"test-dUAXiboWkN"} {"event_id":"EVENT-hgzdb92"}
EVENT-hgzdb92 {"go-publisher":"Golang-Publisher-D","random-number":38,"number":79,"strltr":"test-dUAXiboWkN"} {"event_id":"EVENT-hgzdb92"}
EVENT-hqkJb104 {"go-publisher":"Golang-Publisher-A","random-number":83,"number":107,"strltr":"test-PuJNmgSqCI"} {"event_id":"EVENT-hqkJb104"}
EVENT-hqkJb104 {"go-publisher":"Golang-Publisher-B","random-number":83,"number":107,"strltr":"test-PuJNmgSqCI"} {"event_id":"EVENT-hqkJb104"}
EVENT-hqkJb104 {"go-publisher":"Golang-Publisher-C","random-number":83,"number":107,"strltr":"test-PuJNmgSqCI"} {"event_id":"EVENT-hqkJb104"}
EVENT-hqkJb104 {"go-publisher":"Golang-Publisher-D","random-number":83,"number":107,"strltr":"test-PuJNmgSqCI"} {"event_id":"EVENT-hqkJb104"}
EVENT-iZULE196 {"go-publisher":"Golang-Publisher-A","random-number":123,"number":61,"strltr":"test-eaGmQpcNSC"} {"event_id":"EVENT-iZULE196"}
EVENT-iZULE196 {"go-publisher":"Golang-Publisher-B","random-number":123,"number":61,"strltr":"test-eaGmQpcNSC"} {"event_id":"EVENT-iZULE196"}
EVENT-iZULE196 {"go-publisher":"Golang-Publisher-C","random-number":123,"number":61,"strltr":"test-eaGmQpcNSC"} {"event_id":"EVENT-iZULE196"}
EVENT-iZULE196 {"go-publisher":"Golang-Publisher-D","random-number":123,"number":61,"strltr":"test-eaGmQpcNSC"} {"event_id":"EVENT-iZULE196"}
EVENT-ivpyF135 {"go-publisher":"Golang-Publisher-A","random-number":90,"number":44,"strltr":"test-PSbtVvbAgS"} {"event_id":"EVENT-ivpyF135"}
EVENT-ivpyF135 {"go-publisher":"Golang-Publisher-B","random-number":90,"number":44,"strltr":"test-PSbtVvbAgS"} {"event_id":"EVENT-ivpyF135"}
EVENT-ivpyF135 {"go-publisher":"Golang-Publisher-C","random-number":90,"number":44,"strltr":"test-PSbtVvbAgS"} {"event_id":"EVENT-ivpyF135"}
EVENT-ivpyF135 {"go-publisher":"Golang-Publisher-D","random-number":90,"number":44,"strltr":"test-PSbtVvbAgS"} {"event_id":"EVENT-ivpyF135"}
EVENT-iwyhB208 {"go-publisher":"Golang-Publisher-A","random-number":181,"number":45,"strltr":"test-VySrmfUNoi"} {"event_id":"EVENT-iwyhB208"}
EVENT-iwyhB208 {"go-publisher":"Golang-Publisher-B","random-number":181,"number":45,"strltr":"test-VySrmfUNoi"} {"event_id":"EVENT-iwyhB208"}
EVENT-iwyhB208 {"go-publisher":"Golang-Publisher-C","random-number":181,"number":45,"strltr":"test-VySrmfUNoi"} {"event_id":"EVENT-iwyhB208"}
EVENT-iwyhB208 {"go-publisher":"Golang-Publisher-D","random-number":181,"number":45,"strltr":"test-VySrmfUNoi"} {"event_id":"EVENT-iwyhB208"}
EVENT-jCRYr151 {"go-publisher":"Golang-Publisher-A","random-number":89,"number":109,"strltr":"test-AMYuaKzdxZ"} {"event_id":"EVENT-jCRYr151"}
EVENT-jCRYr151 {"go-publisher":"Golang-Publisher-B","random-number":89,"number":109,"strltr":"test-AMYuaKzdxZ"} {"event_id":"EVENT-jCRYr151"}
EVENT-jCRYr151 {"go-publisher":"Golang-Publisher-C","random-number":89,"number":109,"strltr":"test-AMYuaKzdxZ"} {"event_id":"EVENT-jCRYr151"}
EVENT-jCRYr151 {"go-publisher":"Golang-Publisher-D","random-number":89,"number":109,"strltr":"test-AMYuaKzdxZ"} {"event_id":"EVENT-jCRYr151"}
EVENT-jMOgv124 {"go-publisher":"Golang-Publisher-A","random-number":135,"number":78,"strltr":"test-ifdyvgRJaP"} {"event_id":"EVENT-jMOgv124"}
EVENT-jMOgv124 {"go-publisher":"Golang-Publisher-B","random-number":135,"number":78,"strltr":"test-ifdyvgRJaP"} {"event_id":"EVENT-jMOgv124"}
EVENT-jMOgv124 {"go-publisher":"Golang-Publisher-C","random-number":135,"number":78,"strltr":"test-ifdyvgRJaP"} {"event_id":"EVENT-jMOgv124"}
EVENT-jMOgv124 {"go-publisher":"Golang-Publisher-D","random-number":135,"number":78,"strltr":"test-ifdyvgRJaP"} {"event_id":"EVENT-jMOgv124"}
EVENT-joKPq203 {"go-publisher":"Golang-Publisher-A","random-number":87,"number":34,"strltr":"test-YxUgdZUyzS"} {"event_id":"EVENT-joKPq203"}
EVENT-joKPq203 {"go-publisher":"Golang-Publisher-B","random-number":87,"number":34,"strltr":"test-YxUgdZUyzS"} {"event_id":"EVENT-joKPq203"}
EVENT-joKPq203 {"go-publisher":"Golang-Publisher-C","random-number":87,"number":34,"strltr":"test-YxUgdZUyzS"} {"event_id":"EVENT-joKPq203"}
EVENT-joKPq203 {"go-publisher":"Golang-Publisher-D","random-number":87,"number":34,"strltr":"test-YxUgdZUyzS"} {"event_id":"EVENT-joKPq203"}
EVENT-jpflJ135 {"go-publisher":"Golang-Publisher-A","random-number":15,"number":127,"strltr":"test-MFehiAasby"} {"event_id":"EVENT-jpflJ135"}
EVENT-jpflJ135 {"go-publisher":"Golang-Publisher-B","random-number":15,"number":127,"strltr":"test-MFehiAasby"} {"event_id":"EVENT-jpflJ135"}
EVENT-jpflJ135 {"go-publisher":"Golang-Publisher-C","random-number":15,"number":127,"strltr":"test-MFehiAasby"} {"event_id":"EVENT-jpflJ135"}
EVENT-jpflJ135 {"go-publisher":"Golang-Publisher-D","random-number":15,"number":127,"strltr":"test-MFehiAasby"} {"event_id":"EVENT-jpflJ135"}
EVENT-kbmqW202 {"go-publisher":"Golang-Publisher-A","random-number":99,"number":49,"strltr":"test-PVvEKeFdih"} {"event_id":"EVENT-kbmqW202"}
EVENT-kbmqW202 {"go-publisher":"Golang-Publisher-B","random-number":99,"number":49,"strltr":"test-PVvEKeFdih"} {"event_id":"EVENT-kbmqW202"}
EVENT-kbmqW202 {"go-publisher":"Golang-Publisher-C","random-number":99,"number":49,"strltr":"test-PVvEKeFdih"} {"event_id":"EVENT-kbmqW202"}
EVENT-kbmqW202 {"go-publisher":"Golang-Publisher-D","random-number":99,"number":49,"strltr":"test-PVvEKeFdih"} {"event_id":"EVENT-kbmqW202"}
EVENT-kyjPI79 {"go-publisher":"Golang-Publisher-A","random-number":189,"number":27,"strltr":"test-WptuYUcZWx"} {"event_id":"EVENT-kyjPI79"}
EVENT-kyjPI79 {"go-publisher":"Golang-Publisher-B","random-number":189,"number":27,"strltr":"test-WptuYUcZWx"} {"event_id":"EVENT-kyjPI79"}
EVENT-kyjPI79 {"go-publisher":"Golang-Publisher-C","random-number":189,"number":27,"strltr":"test-WptuYUcZWx"} {"event_id":"EVENT-kyjPI79"}
EVENT-kyjPI79 {"go-publisher":"Golang-Publisher-D","random-number":189,"number":27,"strltr":"test-WptuYUcZWx"} {"event_id":"EVENT-kyjPI79"}
EVENT-kyjus235 {"go-publisher":"Golang-Publisher-A","random-number":73,"number":70,"strltr":"test-YBjhTXtqoO"} {"event_id":"EVENT-kyjus235"}
EVENT-kyjus235 {"go-publisher":"Golang-Publisher-B","random-number":73,"number":70,"strltr":"test-YBjhTXtqoO"} {"event_id":"EVENT-kyjus235"}
EVENT-kyjus235 {"go-publisher":"Golang-Publisher-C","random-number":73,"number":70,"strltr":"test-YBjhTXtqoO"} {"event_id":"EVENT-kyjus235"}
EVENT-kyjus235 {"go-publisher":"Golang-Publisher-D","random-number":73,"number":70,"strltr":"test-YBjhTXtqoO"} {"event_id":"EVENT-kyjus235"}
EVENT-lbvOW192 {"go-publisher":"Golang-Publisher-A","random-number":122,"number":77,"strltr":"test-VBWjzAiUSb"} {"event_id":"EVENT-lbvOW192"}
EVENT-lbvOW192 {"go-publisher":"Golang-Publisher-B","random-number":122,"number":77,"strltr":"test-VBWjzAiUSb"} {"event_id":"EVENT-lbvOW192"}
EVENT-lbvOW192 {"go-publisher":"Golang-Publisher-C","random-number":122,"number":77,"strltr":"test-VBWjzAiUSb"} {"event_id":"EVENT-lbvOW192"}
EVENT-lbvOW192 {"go-publisher":"Golang-Publisher-D","random-number":122,"number":77,"strltr":"test-VBWjzAiUSb"} {"event_id":"EVENT-lbvOW192"}
EVENT-lvMom199 {"go-publisher":"Golang-Publisher-A","random-number":95,"number":29,"strltr":"test-PytEQlteuv"} {"event_id":"EVENT-lvMom199"}
EVENT-lvMom199 {"go-publisher":"Golang-Publisher-B","random-number":95,"number":29,"strltr":"test-PytEQlteuv"} {"event_id":"EVENT-lvMom199"}
EVENT-lvMom199 {"go-publisher":"Golang-Publisher-C","random-number":95,"number":29,"strltr":"test-PytEQlteuv"} {"event_id":"EVENT-lvMom199"}
EVENT-lvMom199 {"go-publisher":"Golang-Publisher-D","random-number":95,"number":29,"strltr":"test-PytEQlteuv"} {"event_id":"EVENT-lvMom199"}
EVENT-lyHqO91 {"go-publisher":"Golang-Publisher-A","random-number":70,"number":43,"strltr":"test-rfNJCUoDWY"} {"event_id":"EVENT-lyHqO91"}
EVENT-lyHqO91 {"go-publisher":"Golang-Publisher-B","random-number":70,"number":43,"strltr":"test-rfNJCUoDWY"} {"event_id":"EVENT-lyHqO91"}
EVENT-lyHqO91 {"go-publisher":"Golang-Publisher-C","random-number":70,"number":43,"strltr":"test-rfNJCUoDWY"} {"event_id":"EVENT-lyHqO91"}
EVENT-lyHqO91 {"go-publisher":"Golang-Publisher-D","random-number":70,"number":43,"strltr":"test-rfNJCUoDWY"} {"event_id":"EVENT-lyHqO91"}
EVENT-mAYaB152 {"go-publisher":"Golang-Publisher-A","random-number":49,"number":73,"strltr":"test-uQNhYYgLWc"} {"event_id":"EVENT-mAYaB152"}
EVENT-mAYaB152 {"go-publisher":"Golang-Publisher-B","random-number":49,"number":73,"strltr":"test-uQNhYYgLWc"} {"event_id":"EVENT-mAYaB152"}
EVENT-mAYaB152 {"go-publisher":"Golang-Publisher-C","random-number":49,"number":73,"strltr":"test-uQNhYYgLWc"} {"event_id":"EVENT-mAYaB152"}
EVENT-mAYaB152 {"go-publisher":"Golang-Publisher-D","random-number":49,"number":73,"strltr":"test-uQNhYYgLWc"} {"event_id":"EVENT-mAYaB152"}
EVENT-mMgiI231 {"go-publisher":"Golang-Publisher-A","random-number":125,"number":110,"strltr":"test-axGBQYMCSj"} {"event_id":"EVENT-mMgiI231"}
EVENT-mMgiI231 {"go-publisher":"Golang-Publisher-B","random-number":125,"number":110,"strltr":"test-axGBQYMCSj"} {"event_id":"EVENT-mMgiI231"}
EVENT-mMgiI231 {"go-publisher":"Golang-Publisher-C","random-number":125,"number":110,"strltr":"test-axGBQYMCSj"} {"event_id":"EVENT-mMgiI231"}
EVENT-mMgiI231 {"go-publisher":"Golang-Publisher-D","random-number":125,"number":110,"strltr":"test-axGBQYMCSj"} {"event_id":"EVENT-mMgiI231"}
EVENT-mwgob181 {"go-publisher":"Golang-Publisher-A","random-number":124,"number":52,"strltr":"test-kepQtfndIZ"} {"event_id":"EVENT-mwgob181"}
EVENT-mwgob181 {"go-publisher":"Golang-Publisher-B","random-number":124,"number":52,"strltr":"test-kepQtfndIZ"} {"event_id":"EVENT-mwgob181"}
EVENT-mwgob181 {"go-publisher":"Golang-Publisher-C","random-number":124,"number":52,"strltr":"test-kepQtfndIZ"} {"event_id":"EVENT-mwgob181"}
EVENT-mwgob181 {"go-publisher":"Golang-Publisher-D","random-number":124,"number":52,"strltr":"test-kepQtfndIZ"} {"event_id":"EVENT-mwgob181"}
EVENT-oCSED66 {"go-publisher":"Golang-Publisher-A","random-number":113,"number":164,"strltr":"test-ctMmWambxU"} {"event_id":"EVENT-oCSED66"}
EVENT-oCSED66 {"go-publisher":"Golang-Publisher-B","random-number":113,"number":164,"strltr":"test-ctMmWambxU"} {"event_id":"EVENT-oCSED66"}
EVENT-oCSED66 {"go-publisher":"Golang-Publisher-C","random-number":113,"number":164,"strltr":"test-ctMmWambxU"} {"event_id":"EVENT-oCSED66"}
EVENT-oCSED66 {"go-publisher":"Golang-Publisher-D","random-number":113,"number":164,"strltr":"test-ctMmWambxU"} {"event_id":"EVENT-oCSED66"}
EVENT-oMnib146 {"go-publisher":"Golang-Publisher-A","random-number":135,"number":59,"strltr":"test-szEJHeToGP"} {"event_id":"EVENT-oMnib146"}
EVENT-oMnib146 {"go-publisher":"Golang-Publisher-B","random-number":135,"number":59,"strltr":"test-szEJHeToGP"} {"event_id":"EVENT-oMnib146"}
EVENT-oMnib146 {"go-publisher":"Golang-Publisher-C","random-number":135,"number":59,"strltr":"test-szEJHeToGP"} {"event_id":"EVENT-oMnib146"}
EVENT-oMnib146 {"go-publisher":"Golang-Publisher-D","random-number":135,"number":59,"strltr":"test-szEJHeToGP"} {"event_id":"EVENT-oMnib146"}
EVENT-pCgWW159 {"go-publisher":"Golang-Publisher-A","random-number":52,"number":114,"strltr":"test-CbvXUanfnk"} {"event_id":"EVENT-pCgWW159"}
EVENT-pCgWW159 {"go-publisher":"Golang-Publisher-B","random-number":52,"number":114,"strltr":"test-CbvXUanfnk"} {"event_id":"EVENT-pCgWW159"}
EVENT-pCgWW159 {"go-publisher":"Golang-Publisher-C","random-number":52,"number":114,"strltr":"test-CbvXUanfnk"} {"event_id":"EVENT-pCgWW159"}
EVENT-pCgWW159 {"go-publisher":"Golang-Publisher-D","random-number":52,"number":114,"strltr":"test-CbvXUanfnk"} {"event_id":"EVENT-pCgWW159"}
EVENT-pWTfw134 {"go-publisher":"Golang-Publisher-A","random-number":138,"number":141,"strltr":"test-IHKvhIjuyG"} {"event_id":"EVENT-pWTfw134"}
EVENT-pWTfw134 {"go-publisher":"Golang-Publisher-B","random-number":138,"number":141,"strltr":"test-IHKvhIjuyG"} {"event_id":"EVENT-pWTfw134"}
EVENT-pWTfw134 {"go-publisher":"Golang-Publisher-C","random-number":138,"number":141,"strltr":"test-IHKvhIjuyG"} {"event_id":"EVENT-pWTfw134"}
EVENT-pWTfw134 {"go-publisher":"Golang-Publisher-D","random-number":138,"number":141,"strltr":"test-IHKvhIjuyG"} {"event_id":"EVENT-pWTfw134"}
EVENT-paLdH123 {"go-publisher":"Golang-Publisher-A","random-number":53,"number":165,"strltr":"test-oqmvMkiUnS"} {"event_id":"EVENT-paLdH123"}
EVENT-paLdH123 {"go-publisher":"Golang-Publisher-B","random-number":53,"number":165,"strltr":"test-oqmvMkiUnS"} {"event_id":"EVENT-paLdH123"}
EVENT-paLdH123 {"go-publisher":"Golang-Publisher-C","random-number":53,"number":165,"strltr":"test-oqmvMkiUnS"} {"event_id":"EVENT-paLdH123"}
EVENT-paLdH123 {"go-publisher":"Golang-Publisher-D","random-number":53,"number":165,"strltr":"test-oqmvMkiUnS"} {"event_id":"EVENT-paLdH123"}
EVENT-pemul155 {"go-publisher":"Golang-Publisher-A","random-number":94,"number":32,"strltr":"test-rfrkgzVmIa"} {"event_id":"EVENT-pemul155"}
EVENT-pemul155 {"go-publisher":"Golang-Publisher-B","random-number":94,"number":32,"strltr":"test-rfrkgzVmIa"} {"event_id":"EVENT-pemul155"}
EVENT-pemul155 {"go-publisher":"Golang-Publisher-C","random-number":94,"number":32,"strltr":"test-rfrkgzVmIa"} {"event_id":"EVENT-pemul155"}
EVENT-pemul155 {"go-publisher":"Golang-Publisher-D","random-number":94,"number":32,"strltr":"test-rfrkgzVmIa"} {"event_id":"EVENT-pemul155"}
EVENT-pnHeA203 {"go-publisher":"Golang-Publisher-A","random-number":26,"number":120,"strltr":"test-RQiSFCDNCR"} {"event_id":"EVENT-pnHeA203"}
EVENT-pnHeA203 {"go-publisher":"Golang-Publisher-B","random-number":26,"number":120,"strltr":"test-RQiSFCDNCR"} {"event_id":"EVENT-pnHeA203"}
EVENT-pnHeA203 {"go-publisher":"Golang-Publisher-C","random-number":26,"number":120,"strltr":"test-RQiSFCDNCR"} {"event_id":"EVENT-pnHeA203"}
EVENT-pnHeA203 {"go-publisher":"Golang-Publisher-D","random-number":26,"number":120,"strltr":"test-RQiSFCDNCR"} {"event_id":"EVENT-pnHeA203"}
EVENT-puACQ115 {"go-publisher":"Golang-Publisher-A","random-number":148,"number":112,"strltr":"test-vHeTVjwQtS"} {"event_id":"EVENT-puACQ115"}
EVENT-puACQ115 {"go-publisher":"Golang-Publisher-B","random-number":148,"number":112,"strltr":"test-vHeTVjwQtS"} {"event_id":"EVENT-puACQ115"}
EVENT-puACQ115 {"go-publisher":"Golang-Publisher-C","random-number":148,"number":112,"strltr":"test-vHeTVjwQtS"} {"event_id":"EVENT-puACQ115"}
EVENT-puACQ115 {"go-publisher":"Golang-Publisher-D","random-number":148,"number":112,"strltr":"test-vHeTVjwQtS"} {"event_id":"EVENT-puACQ115"}
EVENT-qBITF159 {"go-publisher":"Golang-Publisher-A","random-number":55,"number":119,"strltr":"test-RnlqykjFJM"} {"event_id":"EVENT-qBITF159"}
EVENT-qBITF159 {"go-publisher":"Golang-Publisher-B","random-number":55,"number":119,"strltr":"test-RnlqykjFJM"} {"event_id":"EVENT-qBITF159"}
EVENT-qBITF159 {"go-publisher":"Golang-Publisher-C","random-number":55,"number":119,"strltr":"test-RnlqykjFJM"} {"event_id":"EVENT-qBITF159"}
EVENT-qBITF159 {"go-publisher":"Golang-Publisher-D","random-number":55,"number":119,"strltr":"test-RnlqykjFJM"} {"event_id":"EVENT-qBITF159"}
EVENT-qasuS188 {"go-publisher":"Golang-Publisher-A","random-number":64,"number":106,"strltr":"test-VYSqXiqELe"} {"event_id":"EVENT-qasuS188"}
EVENT-qasuS188 {"go-publisher":"Golang-Publisher-B","random-number":64,"number":106,"strltr":"test-VYSqXiqELe"} {"event_id":"EVENT-qasuS188"}
EVENT-qasuS188 {"go-publisher":"Golang-Publisher-C","random-number":64,"number":106,"strltr":"test-VYSqXiqELe"} {"event_id":"EVENT-qasuS188"}
EVENT-qasuS188 {"go-publisher":"Golang-Publisher-D","random-number":64,"number":106,"strltr":"test-VYSqXiqELe"} {"event_id":"EVENT-qasuS188"}
EVENT-qcoav213 {"go-publisher":"Golang-Publisher-A","random-number":75,"number":25,"strltr":"test-BFLHLgcTkO"} {"event_id":"EVENT-qcoav213"}
EVENT-qcoav213 {"go-publisher":"Golang-Publisher-B","random-number":75,"number":25,"strltr":"test-BFLHLgcTkO"} {"event_id":"EVENT-qcoav213"}
EVENT-qcoav213 {"go-publisher":"Golang-Publisher-C","random-number":75,"number":25,"strltr":"test-BFLHLgcTkO"} {"event_id":"EVENT-qcoav213"}
EVENT-qcoav213 {"go-publisher":"Golang-Publisher-D","random-number":75,"number":25,"strltr":"test-BFLHLgcTkO"} {"event_id":"EVENT-qcoav213"}
EVENT-qlElP136 {"go-publisher":"Golang-Publisher-A","random-number":131,"number":3,"strltr":"test-KOdUQUUrii"} {"event_id":"EVENT-qlElP136"}
EVENT-qlElP136 {"go-publisher":"Golang-Publisher-B","random-number":131,"number":3,"strltr":"test-KOdUQUUrii"} {"event_id":"EVENT-qlElP136"}
EVENT-qlElP136 {"go-publisher":"Golang-Publisher-C","random-number":131,"number":3,"strltr":"test-KOdUQUUrii"} {"event_id":"EVENT-qlElP136"}
EVENT-qlElP136 {"go-publisher":"Golang-Publisher-D","random-number":131,"number":3,"strltr":"test-KOdUQUUrii"} {"event_id":"EVENT-qlElP136"}
EVENT-rSjdJ99 {"go-publisher":"Golang-Publisher-A","random-number":62,"number":15,"strltr":"test-sCXFmGKoRJ"} {"event_id":"EVENT-rSjdJ99"}
EVENT-rSjdJ99 {"go-publisher":"Golang-Publisher-B","random-number":62,"number":15,"strltr":"test-sCXFmGKoRJ"} {"event_id":"EVENT-rSjdJ99"}
EVENT-rSjdJ99 {"go-publisher":"Golang-Publisher-C","random-number":62,"number":15,"strltr":"test-sCXFmGKoRJ"} {"event_id":"EVENT-rSjdJ99"}
EVENT-rSjdJ99 {"go-publisher":"Golang-Publisher-D","random-number":62,"number":15,"strltr":"test-sCXFmGKoRJ"} {"event_id":"EVENT-rSjdJ99"}
EVENT-rjuqp112 {"go-publisher":"Golang-Publisher-A","random-number":152,"number":123,"strltr":"test-IKTsUwpAey"} {"event_id":"EVENT-rjuqp112"}
EVENT-rjuqp112 {"go-publisher":"Golang-Publisher-B","random-number":152,"number":123,"strltr":"test-IKTsUwpAey"} {"event_id":"EVENT-rjuqp112"}
EVENT-rjuqp112 {"go-publisher":"Golang-Publisher-C","random-number":152,"number":123,"strltr":"test-IKTsUwpAey"} {"event_id":"EVENT-rjuqp112"}
EVENT-rjuqp112 {"go-publisher":"Golang-Publisher-D","random-number":152,"number":123,"strltr":"test-IKTsUwpAey"} {"event_id":"EVENT-rjuqp112"}
EVENT-sKhiC199 {"go-publisher":"Golang-Publisher-A","random-number":59,"number":146,"strltr":"test-EZfdCRyfQI"} {"event_id":"EVENT-sKhiC199"}
EVENT-sKhiC199 {"go-publisher":"Golang-Publisher-B","random-number":59,"number":146,"strltr":"test-EZfdCRyfQI"} {"event_id":"EVENT-sKhiC199"}
EVENT-sKhiC199 {"go-publisher":"Golang-Publisher-C","random-number":59,"number":146,"strltr":"test-EZfdCRyfQI"} {"event_id":"EVENT-sKhiC199"}
EVENT-sKhiC199 {"go-publisher":"Golang-Publisher-D","random-number":59,"number":146,"strltr":"test-EZfdCRyfQI"} {"event_id":"EVENT-sKhiC199"}
EVENT-shsMZ106 {"go-publisher":"Golang-Publisher-A","random-number":61,"number":104,"strltr":"test-TloVuIjQqv"} {"event_id":"EVENT-shsMZ106"}
EVENT-shsMZ106 {"go-publisher":"Golang-Publisher-B","random-number":61,"number":104,"strltr":"test-TloVuIjQqv"} {"event_id":"EVENT-shsMZ106"}
EVENT-shsMZ106 {"go-publisher":"Golang-Publisher-C","random-number":61,"number":104,"strltr":"test-TloVuIjQqv"} {"event_id":"EVENT-shsMZ106"}
EVENT-shsMZ106 {"go-publisher":"Golang-Publisher-D","random-number":61,"number":104,"strltr":"test-TloVuIjQqv"} {"event_id":"EVENT-shsMZ106"}
EVENT-srcPK188 {"go-publisher":"Golang-Publisher-A","random-number":146,"number":12,"strltr":"test-XzblXZPjAZ"} {"event_id":"EVENT-srcPK188"}
EVENT-srcPK188 {"go-publisher":"Golang-Publisher-B","random-number":146,"number":12,"strltr":"test-XzblXZPjAZ"} {"event_id":"EVENT-srcPK188"}
EVENT-srcPK188 {"go-publisher":"Golang-Publisher-C","random-number":146,"number":12,"strltr":"test-XzblXZPjAZ"} {"event_id":"EVENT-srcPK188"}
EVENT-srcPK188 {"go-publisher":"Golang-Publisher-D","random-number":146,"number":12,"strltr":"test-XzblXZPjAZ"} {"event_id":"EVENT-srcPK188"}
EVENT-sucSP193 {"go-publisher":"Golang-Publisher-A","random-number":108,"number":138,"strltr":"test-OULnZBDDwd"} {"event_id":"EVENT-sucSP193"}
EVENT-sucSP193 {"go-publisher":"Golang-Publisher-B","random-number":108,"number":138,"strltr":"test-OULnZBDDwd"} {"event_id":"EVENT-sucSP193"}
EVENT-sucSP193 {"go-publisher":"Golang-Publisher-C","random-number":108,"number":138,"strltr":"test-OULnZBDDwd"} {"event_id":"EVENT-sucSP193"}
EVENT-sucSP193 {"go-publisher":"Golang-Publisher-D","random-number":108,"number":138,"strltr":"test-OULnZBDDwd"} {"event_id":"EVENT-sucSP193"}
EVENT-tpGXF152 {"go-publisher":"Golang-Publisher-A","random-number":60,"number":128,"strltr":"test-hKWuAiTZTZ"} {"event_id":"EVENT-tpGXF152"}
EVENT-tpGXF152 {"go-publisher":"Golang-Publisher-B","random-number":60,"number":128,"strltr":"test-hKWuAiTZTZ"} {"event_id":"EVENT-tpGXF152"}
EVENT-tpGXF152 {"go-publisher":"Golang-Publisher-C","random-number":60,"number":128,"strltr":"test-hKWuAiTZTZ"} {"event_id":"EVENT-tpGXF152"}
EVENT-tpGXF152 {"go-publisher":"Golang-Publisher-D","random-number":60,"number":128,"strltr":"test-hKWuAiTZTZ"} {"event_id":"EVENT-tpGXF152"}
EVENT-tpOYp155 {"go-publisher":"Golang-Publisher-A","random-number":116,"number":129,"strltr":"test-klAAXwfJNp"} {"event_id":"EVENT-tpOYp155"}
EVENT-tpOYp155 {"go-publisher":"Golang-Publisher-B","random-number":116,"number":129,"strltr":"test-klAAXwfJNp"} {"event_id":"EVENT-tpOYp155"}
EVENT-tpOYp155 {"go-publisher":"Golang-Publisher-C","random-number":116,"number":129,"strltr":"test-klAAXwfJNp"} {"event_id":"EVENT-tpOYp155"}
EVENT-tpOYp155 {"go-publisher":"Golang-Publisher-D","random-number":116,"number":129,"strltr":"test-klAAXwfJNp"} {"event_id":"EVENT-tpOYp155"}
EVENT-uDsRO227 {"go-publisher":"Golang-Publisher-A","random-number":26,"number":96,"strltr":"test-jSwmBRfmOW"} {"event_id":"EVENT-uDsRO227"}
EVENT-uDsRO227 {"go-publisher":"Golang-Publisher-B","random-number":26,"number":96,"strltr":"test-jSwmBRfmOW"} {"event_id":"EVENT-uDsRO227"}
EVENT-uDsRO227 {"go-publisher":"Golang-Publisher-C","random-number":26,"number":96,"strltr":"test-jSwmBRfmOW"} {"event_id":"EVENT-uDsRO227"}
EVENT-uDsRO227 {"go-publisher":"Golang-Publisher-D","random-number":26,"number":96,"strltr":"test-jSwmBRfmOW"} {"event_id":"EVENT-uDsRO227"}
EVENT-uVhjc201 {"go-publisher":"Golang-Publisher-A","random-number":100,"number":159,"strltr":"test-McIHgfLFMU"} {"event_id":"EVENT-uVhjc201"}
EVENT-uVhjc201 {"go-publisher":"Golang-Publisher-B","random-number":100,"number":159,"strltr":"test-McIHgfLFMU"} {"event_id":"EVENT-uVhjc201"}
EVENT-uVhjc201 {"go-publisher":"Golang-Publisher-C","random-number":100,"number":159,"strltr":"test-McIHgfLFMU"} {"event_id":"EVENT-uVhjc201"}
EVENT-uVhjc201 {"go-publisher":"Golang-Publisher-D","random-number":100,"number":159,"strltr":"test-McIHgfLFMU"} {"event_id":"EVENT-uVhjc201"}
EVENT-uvdCi85 {"go-publisher":"Golang-Publisher-A","random-number":172,"number":66,"strltr":"test-GcZZWCxazq"} {"event_id":"EVENT-uvdCi85"}
EVENT-uvdCi85 {"go-publisher":"Golang-Publisher-B","random-number":172,"number":66,"strltr":"test-GcZZWCxazq"} {"event_id":"EVENT-uvdCi85"}
EVENT-uvdCi85 {"go-publisher":"Golang-Publisher-C","random-number":172,"number":66,"strltr":"test-GcZZWCxazq"} {"event_id":"EVENT-uvdCi85"}
EVENT-uvdCi85 {"go-publisher":"Golang-Publisher-D","random-number":172,"number":66,"strltr":"test-GcZZWCxazq"} {"event_id":"EVENT-uvdCi85"}
EVENT-uwAmZ276 {"go-publisher":"Golang-Publisher-A","random-number":37,"number":118,"strltr":"test-dOLMUtwzsn"} {"event_id":"EVENT-uwAmZ276"}
EVENT-uwAmZ276 {"go-publisher":"Golang-Publisher-B","random-number":37,"number":118,"strltr":"test-dOLMUtwzsn"} {"event_id":"EVENT-uwAmZ276"}
EVENT-uwAmZ276 {"go-publisher":"Golang-Publisher-C","random-number":37,"number":118,"strltr":"test-dOLMUtwzsn"} {"event_id":"EVENT-uwAmZ276"}
EVENT-uwAmZ276 {"go-publisher":"Golang-Publisher-D","random-number":37,"number":118,"strltr":"test-dOLMUtwzsn"} {"event_id":"EVENT-uwAmZ276"}
EVENT-vDzll154 {"go-publisher":"Golang-Publisher-A","random-number":62,"number":42,"strltr":"test-bsCZBBhFtf"} {"event_id":"EVENT-vDzll154"}
EVENT-vDzll154 {"go-publisher":"Golang-Publisher-B","random-number":62,"number":42,"strltr":"test-bsCZBBhFtf"} {"event_id":"EVENT-vDzll154"}
EVENT-vDzll154 {"go-publisher":"Golang-Publisher-C","random-number":62,"number":42,"strltr":"test-bsCZBBhFtf"} {"event_id":"EVENT-vDzll154"}
EVENT-vDzll154 {"go-publisher":"Golang-Publisher-D","random-number":62,"number":42,"strltr":"test-bsCZBBhFtf"} {"event_id":"EVENT-vDzll154"}
EVENT-vOFEO143 {"go-publisher":"Golang-Publisher-A","random-number":47,"number":139,"strltr":"test-xZUUgJutUi"} {"event_id":"EVENT-vOFEO143"}
EVENT-vOFEO143 {"go-publisher":"Golang-Publisher-B","random-number":47,"number":139,"strltr":"test-xZUUgJutUi"} {"event_id":"EVENT-vOFEO143"}
EVENT-vOFEO143 {"go-publisher":"Golang-Publisher-C","random-number":47,"number":139,"strltr":"test-xZUUgJutUi"} {"event_id":"EVENT-vOFEO143"}
EVENT-vOFEO143 {"go-publisher":"Golang-Publisher-D","random-number":47,"number":139,"strltr":"test-xZUUgJutUi"} {"event_id":"EVENT-vOFEO143"}
EVENT-vaTXI136 {"go-publisher":"Golang-Publisher-A","random-number":19,"number":46,"strltr":"test-aNTrVHWEcC"} {"event_id":"EVENT-vaTXI136"}
EVENT-vaTXI136 {"go-publisher":"Golang-Publisher-B","random-number":19,"number":46,"strltr":"test-aNTrVHWEcC"} {"event_id":"EVENT-vaTXI136"}
EVENT-vaTXI136 {"go-publisher":"Golang-Publisher-C","random-number":19,"number":46,"strltr":"test-aNTrVHWEcC"} {"event_id":"EVENT-vaTXI136"}
EVENT-vaTXI136 {"go-publisher":"Golang-Publisher-D","random-number":19,"number":46,"strltr":"test-aNTrVHWEcC"} {"event_id":"EVENT-vaTXI136"}
EVENT-veeTf88 {"go-publisher":"Golang-Publisher-A","random-number":61,"number":37,"strltr":"test-owsJvJdWtQ"} {"event_id":"EVENT-veeTf88"}
EVENT-veeTf88 {"go-publisher":"Golang-Publisher-B","random-number":61,"number":37,"strltr":"test-owsJvJdWtQ"} {"event_id":"EVENT-veeTf88"}
EVENT-veeTf88 {"go-publisher":"Golang-Publisher-C","random-number":61,"number":37,"strltr":"test-owsJvJdWtQ"} {"event_id":"EVENT-veeTf88"}
EVENT-veeTf88 {"go-publisher":"Golang-Publisher-D","random-number":61,"number":37,"strltr":"test-owsJvJdWtQ"} {"event_id":"EVENT-veeTf88"}
EVENT-vkWNb140 {"go-publisher":"Golang-Publisher-A","random-number":21,"number":18,"strltr":"test-pUdyCQEMHV"} {"event_id":"EVENT-vkWNb140"}
EVENT-vkWNb140 {"go-publisher":"Golang-Publisher-B","random-number":21,"number":18,"strltr":"test-pUdyCQEMHV"} {"event_id":"EVENT-vkWNb140"}
EVENT-vkWNb140 {"go-publisher":"Golang-Publisher-C","random-number":21,"number":18,"strltr":"test-pUdyCQEMHV"} {"event_id":"EVENT-vkWNb140"}
EVENT-vkWNb140 {"go-publisher":"Golang-Publisher-D","random-number":21,"number":18,"strltr":"test-pUdyCQEMHV"} {"event_id":"EVENT-vkWNb140"}
EVENT-vsqwN110 {"go-publisher":"Golang-Publisher-A","random-number":103,"number":63,"strltr":"test-rDxeNZCvTA"} {"event_id":"EVENT-vsqwN110"}
EVENT-vsqwN110 {"go-publisher":"Golang-Publisher-B","random-number":103,"number":63,"strltr":"test-rDxeNZCvTA"} {"event_id":"EVENT-vsqwN110"}
EVENT-vsqwN110 {"go-publisher":"Golang-Publisher-C","random-number":103,"number":63,"strltr":"test-rDxeNZCvTA"} {"event_id":"EVENT-vsqwN110"}
EVENT-vsqwN110 {"go-publisher":"Golang-Publisher-D","random-number":103,"number":63,"strltr":"test-rDxeNZCvTA"} {"event_id":"EVENT-vsqwN110"}
EVENT-wjLcS139 {"go-publisher":"Golang-Publisher-A","random-number":71,"number":40,"strltr":"test-mthdHeqDAi"} {"event_id":"EVENT-wjLcS139"}
EVENT-wjLcS139 {"go-publisher":"Golang-Publisher-B","random-number":71,"number":40,"strltr":"test-mthdHeqDAi"} {"event_id":"EVENT-wjLcS139"}
EVENT-wjLcS139 {"go-publisher":"Golang-Publisher-C","random-number":71,"number":40,"strltr":"test-mthdHeqDAi"} {"event_id":"EVENT-wjLcS139"}
EVENT-wjLcS139 {"go-publisher":"Golang-Publisher-D","random-number":71,"number":40,"strltr":"test-mthdHeqDAi"} {"event_id":"EVENT-wjLcS139"}
EVENT-xnqLR74 {"go-publisher":"Golang-Publisher-A","random-number":47,"number":50,"strltr":"test-AQVqJAHPhH"} {"event_id":"EVENT-xnqLR74"}
EVENT-xnqLR74 {"go-publisher":"Golang-Publisher-B","random-number":47,"number":50,"strltr":"test-AQVqJAHPhH"} {"event_id":"EVENT-xnqLR74"}
EVENT-xnqLR74 {"go-publisher":"Golang-Publisher-C","random-number":47,"number":50,"strltr":"test-AQVqJAHPhH"} {"event_id":"EVENT-xnqLR74"}
EVENT-xnqLR74 {"go-publisher":"Golang-Publisher-D","random-number":47,"number":50,"strltr":"test-AQVqJAHPhH"} {"event_id":"EVENT-xnqLR74"}
EVENT-xpINz173 {"go-publisher":"Golang-Publisher-A","random-number":117,"number":4,"strltr":"test-olBvSGzEwp"} {"event_id":"EVENT-xpINz173"}
EVENT-xpINz173 {"go-publisher":"Golang-Publisher-B","random-number":117,"number":4,"strltr":"test-olBvSGzEwp"} {"event_id":"EVENT-xpINz173"}
EVENT-xpINz173 {"go-publisher":"Golang-Publisher-C","random-number":117,"number":4,"strltr":"test-olBvSGzEwp"} {"event_id":"EVENT-xpINz173"}
EVENT-xpINz173 {"go-publisher":"Golang-Publisher-D","random-number":117,"number":4,"strltr":"test-olBvSGzEwp"} {"event_id":"EVENT-xpINz173"}
EVENT-xqKhs157 {"go-publisher":"Golang-Publisher-A","random-number":137,"number":147,"strltr":"test-ImOwiMCrPT"} {"event_id":"EVENT-xqKhs157"}
EVENT-xqKhs157 {"go-publisher":"Golang-Publisher-B","random-number":137,"number":147,"strltr":"test-ImOwiMCrPT"} {"event_id":"EVENT-xqKhs157"}
EVENT-xqKhs157 {"go-publisher":"Golang-Publisher-C","random-number":137,"number":147,"strltr":"test-ImOwiMCrPT"} {"event_id":"EVENT-xqKhs157"}
EVENT-xqKhs157 {"go-publisher":"Golang-Publisher-D","random-number":137,"number":147,"strltr":"test-ImOwiMCrPT"} {"event_id":"EVENT-xqKhs157"}
EVENT-yMccR223 {"go-publisher":"Golang-Publisher-A","random-number":16,"number":131,"strltr":"test-FHfeLNNRZB"} {"event_id":"EVENT-yMccR223"}
EVENT-yMccR223 {"go-publisher":"Golang-Publisher-B","random-number":16,"number":131,"strltr":"test-FHfeLNNRZB"} {"event_id":"EVENT-yMccR223"}
EVENT-yMccR223 {"go-publisher":"Golang-Publisher-C","random-number":16,"number":131,"strltr":"test-FHfeLNNRZB"} {"event_id":"EVENT-yMccR223"}
EVENT-yMccR223 {"go-publisher":"Golang-Publisher-D","random-number":16,"number":131,"strltr":"test-FHfeLNNRZB"} {"event_id":"EVENT-yMccR223"}
EVENT-yjHlJ126 {"go-publisher":"Golang-Publisher-A","random-number":87,"number":93,"strltr":"test-jVuZpEXZKf"} {"event_id":"EVENT-yjHlJ126"}
EVENT-yjHlJ126 {"go-publisher":"Golang-Publisher-B","random-number":87,"number":93,"strltr":"test-jVuZpEXZKf"} {"event_id":"EVENT-yjHlJ126"}
EVENT-yjHlJ126 {"go-publisher":"Golang-Publisher-C","random-number":87,"number":93,"strltr":"test-jVuZpEXZKf"} {"event_id":"EVENT-yjHlJ126"}
EVENT-yjHlJ126 {"go-publisher":"Golang-Publisher-D","random-number":87,"number":93,"strltr":"test-jVuZpEXZKf"} {"event_id":"EVENT-yjHlJ126"}
EVENT-zPLWL161 {"go-publisher":"Golang-Publisher-A","random-number":32,"number":72,"strltr":"test-sKrcURuprT"} {"event_id":"EVENT-zPLWL161"}
EVENT-zPLWL161 {"go-publisher":"Golang-Publisher-B","random-number":32,"number":72,"strltr":"test-sKrcURuprT"} {"event_id":"EVENT-zPLWL161"}
EVENT-zPLWL161 {"go-publisher":"Golang-Publisher-C","random-number":32,"number":72,"strltr":"test-sKrcURuprT"} {"event_id":"EVENT-zPLWL161"}
EVENT-zPLWL161 {"go-publisher":"Golang-Publisher-D","random-number":32,"number":72,"strltr":"test-sKrcURuprT"} {"event_id":"EVENT-zPLWL161"}
EVENT-zqMtv102 {"go-publisher":"Golang-Publisher-A","random-number":114,"number":140,"strltr":"test-oaCsxigvgA"} {"event_id":"EVENT-zqMtv102"}
EVENT-zqMtv102 {"go-publisher":"Golang-Publisher-B","random-number":114,"number":140,"strltr":"test-oaCsxigvgA"} {"event_id":"EVENT-zqMtv102"}
EVENT-zqMtv102 {"go-publisher":"Golang-Publisher-C","random-number":114,"number":140,"strltr":"test-oaCsxigvgA"} {"event_id":"EVENT-zqMtv102"}
EVENT-zqMtv102 {"go-publisher":"Golang-Publisher-D","random-number":114,"number":140,"strltr":"test-oaCsxigvgA"} {"event_id":"EVENT-zqMtv102"}